#
# There is insufficient memory for the Java Runtime Environment to continue.
# Native memory allocation (malloc) failed to allocate 922736 bytes. Error detail: Chunk::new
# Possible reasons:
#   The system is out of physical RAM or swap space
#   This process is running with CompressedOops enabled, and the Java Heap may be blocking the growth of the native heap
# Possible solutions:
#   Reduce memory load on the system
#   Increase physical memory or swap space
#   Check if swap backing store is full
#   Decrease Java heap size (-Xmx/-Xms)
#   Decrease number of Java threads
#   Decrease Java thread stack sizes (-Xss)
#   Set larger code cache with -XX:ReservedCodeCacheSize=
#   JVM is running with Unscaled Compressed Oops mode in which the Java heap is
#     placed in the first 4GB address space. The Java Heap base address is the
#     maximum limit for the native heap growth. Please use -XX:HeapBaseMinAddress
#     to set the Java Heap base and to place the Java Heap above 4GB virtual address.
# This output file may be truncated or incomplete.
#
#  Out of Memory Error (arena.cpp:168), pid=7848, tid=12172
#
# JRE version: OpenJDK Runtime Environment Temurin-21.0.8+9 (21.0.8+9) (build 21.0.8+9-LTS)
# Java VM: OpenJDK 64-Bit Server VM Temurin-21.0.8+9 (21.0.8+9-LTS, mixed mode, sharing, tiered, compressed oops, compressed class ptrs, parallel gc, windows-amd64)
# No core dump will be written. Minidumps are not enabled by default on client versions of Windows
#

---------------  S U M M A R Y ------------

Command Line: --add-modules=ALL-SYSTEM --add-opens=java.base/java.util=ALL-UNNAMED --add-opens=java.base/java.lang=ALL-UNNAMED --add-opens=java.base/sun.nio.fs=ALL-UNNAMED -Declipse.application=org.eclipse.jdt.ls.core.id1 -Dosgi.bundles.defaultStartLevel=4 -Declipse.product=org.eclipse.jdt.ls.core.product -Djava.import.generatesMetadataFilesAtProjectRoot=false -DDetectVMInstallationsJob.disabled=true -Dfile.encoding=utf8 -XX:+UseParallelGC -XX:GCTimeRatio=4 -XX:AdaptiveSizePolicyWeight=90 -Dsun.zip.disableMemoryMapping=true -Xmx2G -Xms100m -Xlog:disable -javaagent:c:\Users\admin\.vscode\extensions\redhat.java-1.44.0-win32-x64\lombok\lombok-1.18.39-4050.jar -XX:+HeapDumpOnOutOfMemoryError -XX:HeapDumpPath=c:\Users\admin\AppData\Roaming\Code\User\workspaceStorage\fd388ed41d4384b1842cb9e6b045302c\redhat.java -Daether.dependencyCollector.impl=bf c:\Users\admin\.vscode\extensions\redhat.java-1.44.0-win32-x64\server\plugins\org.eclipse.equinox.launcher_1.7.0.v20250519-0528.jar -configuration c:\Users\admin\AppData\Roaming\Code\User\globalStorage\redhat.java\1.44.0\config_win -data c:\Users\admin\AppData\Roaming\Code\User\workspaceStorage\fd388ed41d4384b1842cb9e6b045302c\redhat.java\jdt_ws --pipe=\\.\pipe\lsp-d21e6bf3a889ba4f185a59aaa8282e6f-sock

Host: 11th Gen Intel(R) Core(TM) i5-11300H @ 3.10GHz, 8 cores, 15G,  Windows 11 , 64 bit Build 22621 (10.0.22621.4830)
Time: Sun Aug 24 21:40:46 2025 SE Asia Standard Time elapsed time: 5.874436 seconds (0d 0h 0m 5s)

---------------  T H R E A D  ---------------

Current thread (0x0000021c6c879080):  JavaThread "C2 CompilerThread2" daemon [_thread_in_native, id=12172, stack(0x0000005b26a00000,0x0000005b26b00000) (1024K)]


Current CompileTask:
C2:5874 5462   !   4       org.eclipse.osgi.internal.loader.classpath.ClasspathManager::findLocalClass (210 bytes)

Stack: [0x0000005b26a00000,0x0000005b26b00000]
Native frames: (J=compiled Java code, j=interpreted, Vv=VM code, C=native code)
V  [jvm.dll+0x6d2449]
V  [jvm.dll+0x8ae341]
V  [jvm.dll+0x8b08be]
V  [jvm.dll+0x8b0fa3]
V  [jvm.dll+0x280c96]
V  [jvm.dll+0xc581d]
V  [jvm.dll+0xc5d53]
V  [jvm.dll+0x3b9162]
V  [jvm.dll+0x385315]
V  [jvm.dll+0x38477a]
V  [jvm.dll+0x248ed0]
V  [jvm.dll+0x2484af]
V  [jvm.dll+0x1c89ee]
V  [jvm.dll+0x257d4d]
V  [jvm.dll+0x2562ea]
V  [jvm.dll+0x3f2d16]
V  [jvm.dll+0x857e6b]
V  [jvm.dll+0x6d0b0d]
C  [ucrtbase.dll+0x29333]
C  [KERNEL32.DLL+0x1259d]
C  [ntdll.dll+0x5af38]


---------------  P R O C E S S  ---------------

Threads class SMR info:
_java_thread_list=0x0000021c6fe99180, length=42, elements={
0x0000021c4eb0f5c0, 0x0000021c4ebcc540, 0x0000021c4ebcd790, 0x0000021c4ea852c0,
0x0000021c4ea862c0, 0x0000021c4ea88c90, 0x0000021c4ea8bbe0, 0x0000021c4ea8db10,
0x0000021c4eaae620, 0x0000021c6b0acd10, 0x0000021c6b248800, 0x0000021c6bb73c10,
0x0000021c6bfc2220, 0x0000021c6bc7d690, 0x0000021c6bc624e0, 0x0000021c6c136da0,
0x0000021c6c2e0e30, 0x0000021c6c5e14e0, 0x0000021c6c5e0e50, 0x0000021c6c5e2890,
0x0000021c6c5e2f20, 0x0000021c6c5e35b0, 0x0000021c6d45b300, 0x0000021c6c879080,
0x0000021c6c5e1b70, 0x0000021c6c5e3c40, 0x0000021c6e919af0, 0x0000021c6e91a180,
0x0000021c6e91aea0, 0x0000021c6e91a810, 0x0000021c6e91b530, 0x0000021c6e9152c0,
0x0000021c6e9145a0, 0x0000021c6e918740, 0x0000021c6e9180b0, 0x0000021c6e919460,
0x0000021c6e915950, 0x0000021c6e91bbc0, 0x0000021c6e914c30, 0x0000021c6e915fe0,
0x0000021c6e916670, 0x0000021c6e916d00
}

Java Threads: ( => current thread )
  0x0000021c4eb0f5c0 JavaThread "main"                              [_thread_blocked, id=18460, stack(0x0000005b24900000,0x0000005b24a00000) (1024K)]
  0x0000021c4ebcc540 JavaThread "Reference Handler"          daemon [_thread_blocked, id=5092, stack(0x0000005b24d00000,0x0000005b24e00000) (1024K)]
  0x0000021c4ebcd790 JavaThread "Finalizer"                  daemon [_thread_blocked, id=19152, stack(0x0000005b24e00000,0x0000005b24f00000) (1024K)]
  0x0000021c4ea852c0 JavaThread "Signal Dispatcher"          daemon [_thread_blocked, id=13944, stack(0x0000005b24f00000,0x0000005b25000000) (1024K)]
  0x0000021c4ea862c0 JavaThread "Attach Listener"            daemon [_thread_blocked, id=16952, stack(0x0000005b25000000,0x0000005b25100000) (1024K)]
  0x0000021c4ea88c90 JavaThread "Service Thread"             daemon [_thread_blocked, id=16432, stack(0x0000005b25100000,0x0000005b25200000) (1024K)]
  0x0000021c4ea8bbe0 JavaThread "Monitor Deflation Thread"   daemon [_thread_blocked, id=10216, stack(0x0000005b25200000,0x0000005b25300000) (1024K)]
  0x0000021c4ea8db10 JavaThread "C2 CompilerThread0"         daemon [_thread_in_native, id=18108, stack(0x0000005b25300000,0x0000005b25400000) (1024K)]
  0x0000021c4eaae620 JavaThread "C1 CompilerThread0"         daemon [_thread_in_native, id=12496, stack(0x0000005b25400000,0x0000005b25500000) (1024K)]
  0x0000021c6b0acd10 JavaThread "Common-Cleaner"             daemon [_thread_blocked, id=17720, stack(0x0000005b25500000,0x0000005b25600000) (1024K)]
  0x0000021c6b248800 JavaThread "Notification Thread"        daemon [_thread_blocked, id=12056, stack(0x0000005b25700000,0x0000005b25800000) (1024K)]
  0x0000021c6bb73c10 JavaThread "Active Thread: Equinox Container: 56dedd62-f5d2-4930-95c8-d03b668cceb9"        [_thread_blocked, id=10920, stack(0x0000005b25f00000,0x0000005b26000000) (1024K)]
  0x0000021c6bfc2220 JavaThread "Refresh Thread: Equinox Container: 56dedd62-f5d2-4930-95c8-d03b668cceb9" daemon [_thread_blocked, id=14928, stack(0x0000005b26100000,0x0000005b26200000) (1024K)]
  0x0000021c6bc7d690 JavaThread "Framework Event Dispatcher: Equinox Container: 56dedd62-f5d2-4930-95c8-d03b668cceb9" daemon [_thread_blocked, id=5556, stack(0x0000005b26200000,0x0000005b26300000) (1024K)]
  0x0000021c6bc624e0 JavaThread "Start Level: Equinox Container: 56dedd62-f5d2-4930-95c8-d03b668cceb9" daemon [_thread_blocked, id=17464, stack(0x0000005b26300000,0x0000005b26400000) (1024K)]
  0x0000021c6c136da0 JavaThread "Bundle File Closer"         daemon [_thread_blocked, id=17888, stack(0x0000005b26400000,0x0000005b26500000) (1024K)]
  0x0000021c6c2e0e30 JavaThread "SCR Component Actor"        daemon [_thread_blocked, id=9300, stack(0x0000005b26500000,0x0000005b26600000) (1024K)]
  0x0000021c6c5e14e0 JavaThread "SCR Component Registry"     daemon [_thread_blocked, id=19132, stack(0x0000005b26600000,0x0000005b26700000) (1024K)]
  0x0000021c6c5e0e50 JavaThread "Worker-JM"                         [_thread_blocked, id=8800, stack(0x0000005b26700000,0x0000005b26800000) (1024K)]
  0x0000021c6c5e2890 JavaThread "JNA Cleaner"                daemon [_thread_blocked, id=10680, stack(0x0000005b25600000,0x0000005b25700000) (1024K)]
  0x0000021c6c5e2f20 JavaThread "Worker-0: Repository registry initialization"        [_thread_in_Java, id=15580, stack(0x0000005b25800000,0x0000005b25900000) (1024K)]
  0x0000021c6c5e35b0 JavaThread "Worker-1: Initialize After Load"        [_thread_in_vm, id=19124, stack(0x0000005b26800000,0x0000005b26900000) (1024K)]
  0x0000021c6d45b300 JavaThread "C2 CompilerThread1"         daemon [_thread_in_native, id=15964, stack(0x0000005b26900000,0x0000005b26a00000) (1024K)]
=>0x0000021c6c879080 JavaThread "C2 CompilerThread2"         daemon [_thread_in_native, id=12172, stack(0x0000005b26a00000,0x0000005b26b00000) (1024K)]
  0x0000021c6c5e1b70 JavaThread "Java indexing"              daemon [_thread_in_vm, id=12596, stack(0x0000005b26b00000,0x0000005b26c00000) (1024K)]
  0x0000021c6c5e3c40 JavaThread "Worker-2: Java indexing... "        [_thread_blocked, id=12332, stack(0x0000005b26e00000,0x0000005b26f00000) (1024K)]
  0x0000021c6e919af0 JavaThread "Worker-3"                          [_thread_blocked, id=9564, stack(0x0000005b26f00000,0x0000005b27000000) (1024K)]
  0x0000021c6e91a180 JavaThread "Worker-4"                          [_thread_blocked, id=15596, stack(0x0000005b27000000,0x0000005b27100000) (1024K)]
  0x0000021c6e91aea0 JavaThread "Thread-2"                   daemon [_thread_in_native, id=18812, stack(0x0000005b27100000,0x0000005b27200000) (1024K)]
  0x0000021c6e91a810 JavaThread "Thread-3"                   daemon [_thread_in_native, id=8176, stack(0x0000005b27200000,0x0000005b27300000) (1024K)]
  0x0000021c6e91b530 JavaThread "Thread-4"                   daemon [_thread_in_native, id=17584, stack(0x0000005b27300000,0x0000005b27400000) (1024K)]
  0x0000021c6e9152c0 JavaThread "Thread-5"                   daemon [_thread_in_native, id=1056, stack(0x0000005b27400000,0x0000005b27500000) (1024K)]
  0x0000021c6e9145a0 JavaThread "Thread-6"                   daemon [_thread_in_native, id=16356, stack(0x0000005b27500000,0x0000005b27600000) (1024K)]
  0x0000021c6e918740 JavaThread "Thread-7"                   daemon [_thread_in_native, id=7292, stack(0x0000005b27600000,0x0000005b27700000) (1024K)]
  0x0000021c6e9180b0 JavaThread "Thread-8"                   daemon [_thread_in_native, id=13604, stack(0x0000005b27700000,0x0000005b27800000) (1024K)]
  0x0000021c6e919460 JavaThread "Thread-9"                   daemon [_thread_in_native, id=16632, stack(0x0000005b27800000,0x0000005b27900000) (1024K)]
  0x0000021c6e915950 JavaThread "Thread-10"                  daemon [_thread_in_native, id=13156, stack(0x0000005b27900000,0x0000005b27a00000) (1024K)]
  0x0000021c6e91bbc0 JavaThread "pool-2-thread-1"                   [_thread_blocked, id=5780, stack(0x0000005b27a00000,0x0000005b27b00000) (1024K)]
  0x0000021c6e914c30 JavaThread "Worker-5"                          [_thread_blocked, id=13116, stack(0x0000005b27b00000,0x0000005b27c00000) (1024K)]
  0x0000021c6e915fe0 JavaThread "WorkspaceEventsHandler"            [_thread_blocked, id=12304, stack(0x0000005b27c00000,0x0000005b27d00000) (1024K)]
  0x0000021c6e916670 JavaThread "pool-1-thread-1"                   [_thread_blocked, id=10524, stack(0x0000005b27d00000,0x0000005b27e00000) (1024K)]
  0x0000021c6e916d00 JavaThread "Worker-6"                          [_thread_blocked, id=17664, stack(0x0000005b27e00000,0x0000005b27f00000) (1024K)]
Total: 42

Other Threads:
  0x0000021c4c7af980 VMThread "VM Thread"                           [id=15308, stack(0x0000005b24c00000,0x0000005b24d00000) (1024K)]
  0x0000021c4eb78e50 WatcherThread "VM Periodic Task Thread"        [id=12132, stack(0x0000005b24b00000,0x0000005b24c00000) (1024K)]
  0x0000021c4c7ae760 WorkerThread "GC Thread#0"                     [id=13028, stack(0x0000005b24a00000,0x0000005b24b00000) (1024K)]
  0x0000021c4c7ae3c0 WorkerThread "GC Thread#1"                     [id=2252, stack(0x0000005b25900000,0x0000005b25a00000) (1024K)]
  0x0000021c6b63c030 WorkerThread "GC Thread#2"                     [id=2928, stack(0x0000005b25a00000,0x0000005b25b00000) (1024K)]
  0x0000021c6b63d990 WorkerThread "GC Thread#3"                     [id=1000, stack(0x0000005b25b00000,0x0000005b25c00000) (1024K)]
  0x0000021c6b63dd30 WorkerThread "GC Thread#4"                     [id=17736, stack(0x0000005b25c00000,0x0000005b25d00000) (1024K)]
  0x0000021c6b63c3d0 WorkerThread "GC Thread#5"                     [id=17104, stack(0x0000005b25d00000,0x0000005b25e00000) (1024K)]
  0x0000021c6b63f2f0 WorkerThread "GC Thread#6"                     [id=2448, stack(0x0000005b25e00000,0x0000005b25f00000) (1024K)]
  0x0000021c6b63c770 WorkerThread "GC Thread#7"                     [id=15264, stack(0x0000005b26000000,0x0000005b26100000) (1024K)]
Total: 10

Threads with active compile tasks:
C2 CompilerThread0  5903 5544       4       java.util.Properties$LineReader::readLine (584 bytes)
C2 CompilerThread1  5903 5555 %     4       java.util.Properties::loadConvert @ 8 (540 bytes)
C2 CompilerThread2  5903 5462   !   4       org.eclipse.osgi.internal.loader.classpath.ClasspathManager::findLocalClass (210 bytes)
Total: 3

VM state: not at safepoint (normal execution)

VM Mutex/Monitor currently owned by a thread: None

Heap address: 0x0000000080000000, size: 2048 MB, Compressed Oops mode: 32-bit

CDS archive(s) mapped at: [0x0000021c00000000-0x0000021c00ba0000-0x0000021c00ba0000), size 12189696, SharedBaseAddress: 0x0000021c00000000, ArchiveRelocationMode: 1.
Compressed class space mapped at: 0x0000021c01000000-0x0000021c41000000, reserved size: 1073741824
Narrow klass base: 0x0000021c00000000, Narrow klass shift: 0, Narrow klass range: 0x100000000

GC Precious Log:
 CardTable entry size: 512
 CPUs: 8 total, 8 available
 Memory: 16122M
 Large Page Support: Disabled
 NUMA Support: Disabled
 Compressed Oops: Enabled (32-bit)
 Alignments: Space 512K, Generation 512K, Heap 2M
 Heap Min Capacity: 100M
 Heap Initial Capacity: 100M
 Heap Max Capacity: 2G
 Pre-touch: Disabled
 Parallel Workers: 8

Heap:
 PSYoungGen      total 23552K, used 2836K [0x00000000d5580000, 0x00000000d7000000, 0x0000000100000000)
  eden space 22016K, 5% used [0x00000000d5580000,0x00000000d56c9b98,0x00000000d6b00000)
  from space 1536K, 98% used [0x00000000d6e00000,0x00000000d6f7b510,0x00000000d6f80000)
  to   space 2560K, 0% used [0x00000000d6b00000,0x00000000d6b00000,0x00000000d6d80000)
 ParOldGen       total 68608K, used 21133K [0x0000000080000000, 0x0000000084300000, 0x00000000d5580000)
  object space 68608K, 30% used [0x0000000080000000,0x00000000814a36d8,0x0000000084300000)
 Metaspace       used 39596K, committed 40832K, reserved 1114112K
  class space    used 4207K, committed 4736K, reserved 1048576K

Card table byte_map: [0x0000021c4e4b0000,0x0000021c4e8c0000] _byte_map_base: 0x0000021c4e0b0000

Marking Bits: (ParMarkBitMap*) 0x00007ff8c352a340
 Begin Bits: [0x0000021c60fb0000, 0x0000021c62fb0000)
 End Bits:   [0x0000021c62fb0000, 0x0000021c64fb0000)

Polling page: 0x0000021c4c9c0000

Metaspace:

Usage:
  Non-class:     34.56 MB used.
      Class:      4.11 MB used.
       Both:     38.67 MB used.

Virtual space:
  Non-class space:       64.00 MB reserved,      35.25 MB ( 55%) committed,  1 nodes.
      Class space:        1.00 GB reserved,       4.62 MB ( <1%) committed,  1 nodes.
             Both:        1.06 GB reserved,      39.88 MB (  4%) committed. 

Chunk freelists:
   Non-Class:  12.17 MB
       Class:  11.39 MB
        Both:  23.56 MB

MaxMetaspaceSize: unlimited
CompressedClassSpaceSize: 1.00 GB
Initial GC threshold: 21.00 MB
Current GC threshold: 58.38 MB
CDS: on
 - commit_granule_bytes: 65536.
 - commit_granule_words: 8192.
 - virtual_space_node_default_size: 8388608.
 - enlarge_chunks_in_place: 1.
 - use_allocation_guard: 0.


Internal statistics:

num_allocs_failed_limit: 6.
num_arena_births: 888.
num_arena_deaths: 14.
num_vsnodes_births: 2.
num_vsnodes_deaths: 0.
num_space_committed: 638.
num_space_uncommitted: 0.
num_chunks_returned_to_freelist: 20.
num_chunks_taken_from_freelist: 2667.
num_chunk_merges: 10.
num_chunk_splits: 1642.
num_chunks_enlarged: 908.
num_inconsistent_stats: 0.

CodeHeap 'non-profiled nmethods': size=120000Kb used=2532Kb max_used=2532Kb free=117467Kb
 bounds [0x0000021c597d0000, 0x0000021c59a50000, 0x0000021c60d00000]
CodeHeap 'profiled nmethods': size=120000Kb used=10380Kb max_used=10380Kb free=109619Kb
 bounds [0x0000021c51d00000, 0x0000021c52730000, 0x0000021c59230000]
CodeHeap 'non-nmethods': size=5760Kb used=1365Kb max_used=1429Kb free=4394Kb
 bounds [0x0000021c59230000, 0x0000021c594a0000, 0x0000021c597d0000]
CodeCache: size=245760Kb, used=14277Kb, max_used=14341Kb, free=231480Kb
 total_blobs=5592, nmethods=4939, adapters=559, full_count=0
Compilation: enabled, stopped_count=0, restarted_count=0

Compilation events (20 events):
Event: 5.858 Thread 0x0000021c4eaae620 5537       3       org.eclipse.jdt.internal.core.ClasspathEntry::<init> (27 bytes)
Event: 5.858 Thread 0x0000021c4eaae620 nmethod 5537 0x0000021c5271b810 code [0x0000021c5271b9c0, 0x0000021c5271bb78]
Event: 5.858 Thread 0x0000021c4eaae620 5538       3       org.eclipse.jdt.internal.core.ClasspathEntry::<init> (250 bytes)
Event: 5.860 Thread 0x0000021c4eaae620 nmethod 5538 0x0000021c5271bc90 code [0x0000021c5271bfa0, 0x0000021c5271d3c8]
Event: 5.860 Thread 0x0000021c4eaae620 5534       3       org.eclipse.jdt.internal.core.JavaProject::addToResult (159 bytes)
Event: 5.861 Thread 0x0000021c4eaae620 nmethod 5534 0x0000021c5271dc10 code [0x0000021c5271df40, 0x0000021c5271f070]
Event: 5.861 Thread 0x0000021c4eaae620 5535       3       org.eclipse.jdt.internal.core.ClasspathEntry::hashCode (8 bytes)
Event: 5.862 Thread 0x0000021c4eaae620 nmethod 5535 0x0000021c5271f790 code [0x0000021c5271f940, 0x0000021c5271fb18]
Event: 5.864 Thread 0x0000021c4eaae620 5540       3       com.google.inject.internal.Errors::hasErrors (16 bytes)
Event: 5.864 Thread 0x0000021c4eaae620 nmethod 5540 0x0000021c5271fc10 code [0x0000021c5271fdc0, 0x0000021c5271ff28]
Event: 5.869 Thread 0x0000021c4ea8db10 nmethod 5525 0x0000021c59a41890 code [0x0000021c59a41a40, 0x0000021c59a42008]
Event: 5.869 Thread 0x0000021c4ea8db10 5539       4       java.util.RegularEnumSet::contains (57 bytes)
Event: 5.870 Thread 0x0000021c4ea8db10 nmethod 5539 0x0000021c59a42210 code [0x0000021c59a423a0, 0x0000021c59a424c0]
Event: 5.870 Thread 0x0000021c4eaae620 5541       3       org.eclipse.core.runtime.Assert::isLegal (7 bytes)
Event: 5.871 Thread 0x0000021c4eaae620 nmethod 5541 0x0000021c52720010 code [0x0000021c527201c0, 0x0000021c52720408]
Event: 5.871 Thread 0x0000021c4eaae620 5542       3       org.eclipse.core.internal.dtree.AbstractDataTreeNode::indexOfChild (75 bytes)
Event: 5.871 Thread 0x0000021c4eaae620 nmethod 5542 0x0000021c52720510 code [0x0000021c527206e0, 0x0000021c52720a30]
Event: 5.871 Thread 0x0000021c4eaae620 5543       3       org.eclipse.core.internal.dtree.AbstractDataTreeNode::childAtOrNull (21 bytes)
Event: 5.871 Thread 0x0000021c4eaae620 nmethod 5543 0x0000021c52720c10 code [0x0000021c52720dc0, 0x0000021c52721030]
Event: 5.871 Thread 0x0000021c4ea8db10 5544       4       java.util.Properties$LineReader::readLine (584 bytes)

GC Heap History (20 events):
Event: 3.571 GC heap before
{Heap before GC invocations=9 (full 1):
 PSYoungGen      total 29184K, used 24576K [0x00000000d5580000, 0x00000000d7780000, 0x0000000100000000)
  eden space 24576K, 100% used [0x00000000d5580000,0x00000000d6d80000,0x00000000d6d80000)
  from space 4608K, 0% used [0x00000000d6e00000,0x00000000d6e00000,0x00000000d7280000)
  to   space 5120K, 0% used [0x00000000d7280000,0x00000000d7280000,0x00000000d7780000)
 ParOldGen       total 68608K, used 12896K [0x0000000080000000, 0x0000000084300000, 0x00000000d5580000)
  object space 68608K, 18% used [0x0000000080000000,0x0000000080c98098,0x0000000084300000)
 Metaspace       used 22819K, committed 23744K, reserved 1114112K
  class space    used 2376K, committed 2752K, reserved 1048576K
}
Event: 3.572 GC heap after
{Heap after GC invocations=9 (full 1):
 PSYoungGen      total 25088K, used 961K [0x00000000d5580000, 0x00000000d7380000, 0x0000000100000000)
  eden space 24064K, 0% used [0x00000000d5580000,0x00000000d5580000,0x00000000d6d00000)
  from space 1024K, 93% used [0x00000000d7280000,0x00000000d7370528,0x00000000d7380000)
  to   space 2560K, 0% used [0x00000000d6e80000,0x00000000d6e80000,0x00000000d7100000)
 ParOldGen       total 68608K, used 12904K [0x0000000080000000, 0x0000000084300000, 0x00000000d5580000)
  object space 68608K, 18% used [0x0000000080000000,0x0000000080c9a098,0x0000000084300000)
 Metaspace       used 22819K, committed 23744K, reserved 1114112K
  class space    used 2376K, committed 2752K, reserved 1048576K
}
Event: 3.827 GC heap before
{Heap before GC invocations=10 (full 1):
 PSYoungGen      total 25088K, used 25025K [0x00000000d5580000, 0x00000000d7380000, 0x0000000100000000)
  eden space 24064K, 100% used [0x00000000d5580000,0x00000000d6d00000,0x00000000d6d00000)
  from space 1024K, 93% used [0x00000000d7280000,0x00000000d7370528,0x00000000d7380000)
  to   space 2560K, 0% used [0x00000000d6e80000,0x00000000d6e80000,0x00000000d7100000)
 ParOldGen       total 68608K, used 12904K [0x0000000080000000, 0x0000000084300000, 0x00000000d5580000)
  object space 68608K, 18% used [0x0000000080000000,0x0000000080c9a098,0x0000000084300000)
 Metaspace       used 26517K, committed 27520K, reserved 1114112K
  class space    used 2646K, committed 3072K, reserved 1048576K
}
Event: 3.828 GC heap after
{Heap after GC invocations=10 (full 1):
 PSYoungGen      total 26112K, used 1057K [0x00000000d5580000, 0x00000000d7300000, 0x0000000100000000)
  eden space 23552K, 0% used [0x00000000d5580000,0x00000000d5580000,0x00000000d6c80000)
  from space 2560K, 41% used [0x00000000d6e80000,0x00000000d6f88528,0x00000000d7100000)
  to   space 1536K, 0% used [0x00000000d7180000,0x00000000d7180000,0x00000000d7300000)
 ParOldGen       total 68608K, used 12904K [0x0000000080000000, 0x0000000084300000, 0x00000000d5580000)
  object space 68608K, 18% used [0x0000000080000000,0x0000000080c9a098,0x0000000084300000)
 Metaspace       used 26517K, committed 27520K, reserved 1114112K
  class space    used 2646K, committed 3072K, reserved 1048576K
}
Event: 4.117 GC heap before
{Heap before GC invocations=11 (full 1):
 PSYoungGen      total 26112K, used 24609K [0x00000000d5580000, 0x00000000d7300000, 0x0000000100000000)
  eden space 23552K, 100% used [0x00000000d5580000,0x00000000d6c80000,0x00000000d6c80000)
  from space 2560K, 41% used [0x00000000d6e80000,0x00000000d6f88528,0x00000000d7100000)
  to   space 1536K, 0% used [0x00000000d7180000,0x00000000d7180000,0x00000000d7300000)
 ParOldGen       total 68608K, used 12904K [0x0000000080000000, 0x0000000084300000, 0x00000000d5580000)
  object space 68608K, 18% used [0x0000000080000000,0x0000000080c9a098,0x0000000084300000)
 Metaspace       used 28117K, committed 29120K, reserved 1114112K
  class space    used 2769K, committed 3200K, reserved 1048576K
}
Event: 4.119 GC heap after
{Heap after GC invocations=11 (full 1):
 PSYoungGen      total 24576K, used 1519K [0x00000000d5580000, 0x00000000d7400000, 0x0000000100000000)
  eden space 23040K, 0% used [0x00000000d5580000,0x00000000d5580000,0x00000000d6c00000)
  from space 1536K, 98% used [0x00000000d7180000,0x00000000d72fbe80,0x00000000d7300000)
  to   space 4096K, 0% used [0x00000000d6c00000,0x00000000d6c00000,0x00000000d7000000)
 ParOldGen       total 68608K, used 14728K [0x0000000080000000, 0x0000000084300000, 0x00000000d5580000)
  object space 68608K, 21% used [0x0000000080000000,0x0000000080e62368,0x0000000084300000)
 Metaspace       used 28117K, committed 29120K, reserved 1114112K
  class space    used 2769K, committed 3200K, reserved 1048576K
}
Event: 4.538 GC heap before
{Heap before GC invocations=12 (full 1):
 PSYoungGen      total 24576K, used 24559K [0x00000000d5580000, 0x00000000d7400000, 0x0000000100000000)
  eden space 23040K, 100% used [0x00000000d5580000,0x00000000d6c00000,0x00000000d6c00000)
  from space 1536K, 98% used [0x00000000d7180000,0x00000000d72fbe80,0x00000000d7300000)
  to   space 4096K, 0% used [0x00000000d6c00000,0x00000000d6c00000,0x00000000d7000000)
 ParOldGen       total 68608K, used 14728K [0x0000000080000000, 0x0000000084300000, 0x00000000d5580000)
  object space 68608K, 21% used [0x0000000080000000,0x0000000080e62368,0x0000000084300000)
 Metaspace       used 31462K, committed 32576K, reserved 1114112K
  class space    used 3162K, committed 3648K, reserved 1048576K
}
Event: 4.544 GC heap after
{Heap after GC invocations=12 (full 1):
 PSYoungGen      total 24576K, used 1962K [0x00000000d5580000, 0x00000000d7200000, 0x0000000100000000)
  eden space 22528K, 0% used [0x00000000d5580000,0x00000000d5580000,0x00000000d6b80000)
  from space 2048K, 95% used [0x00000000d6c00000,0x00000000d6dea840,0x00000000d6e00000)
  to   space 2560K, 0% used [0x00000000d6f80000,0x00000000d6f80000,0x00000000d7200000)
 ParOldGen       total 68608K, used 16256K [0x0000000080000000, 0x0000000084300000, 0x00000000d5580000)
  object space 68608K, 23% used [0x0000000080000000,0x0000000080fe0200,0x0000000084300000)
 Metaspace       used 31462K, committed 32576K, reserved 1114112K
  class space    used 3162K, committed 3648K, reserved 1048576K
}
Event: 4.673 GC heap before
{Heap before GC invocations=13 (full 1):
 PSYoungGen      total 24576K, used 24490K [0x00000000d5580000, 0x00000000d7200000, 0x0000000100000000)
  eden space 22528K, 100% used [0x00000000d5580000,0x00000000d6b80000,0x00000000d6b80000)
  from space 2048K, 95% used [0x00000000d6c00000,0x00000000d6dea840,0x00000000d6e00000)
  to   space 2560K, 0% used [0x00000000d6f80000,0x00000000d6f80000,0x00000000d7200000)
 ParOldGen       total 68608K, used 16256K [0x0000000080000000, 0x0000000084300000, 0x00000000d5580000)
  object space 68608K, 23% used [0x0000000080000000,0x0000000080fe0200,0x0000000084300000)
 Metaspace       used 34495K, committed 35648K, reserved 1114112K
  class space    used 3532K, committed 4032K, reserved 1048576K
}
Event: 4.676 GC heap after
{Heap after GC invocations=13 (full 1):
 PSYoungGen      total 24576K, used 2072K [0x00000000d5580000, 0x00000000d7200000, 0x0000000100000000)
  eden space 22016K, 0% used [0x00000000d5580000,0x00000000d5580000,0x00000000d6b00000)
  from space 2560K, 80% used [0x00000000d6f80000,0x00000000d7186028,0x00000000d7200000)
  to   space 2560K, 0% used [0x00000000d6d00000,0x00000000d6d00000,0x00000000d6f80000)
 ParOldGen       total 68608K, used 18020K [0x0000000080000000, 0x0000000084300000, 0x00000000d5580000)
  object space 68608K, 26% used [0x0000000080000000,0x0000000081199008,0x0000000084300000)
 Metaspace       used 34495K, committed 35648K, reserved 1114112K
  class space    used 3532K, committed 4032K, reserved 1048576K
}
Event: 4.688 GC heap before
{Heap before GC invocations=14 (full 1):
 PSYoungGen      total 24576K, used 4281K [0x00000000d5580000, 0x00000000d7200000, 0x0000000100000000)
  eden space 22016K, 10% used [0x00000000d5580000,0x00000000d57a8780,0x00000000d6b00000)
  from space 2560K, 80% used [0x00000000d6f80000,0x00000000d7186028,0x00000000d7200000)
  to   space 2560K, 0% used [0x00000000d6d00000,0x00000000d6d00000,0x00000000d6f80000)
 ParOldGen       total 68608K, used 18020K [0x0000000080000000, 0x0000000084300000, 0x00000000d5580000)
  object space 68608K, 26% used [0x0000000080000000,0x0000000081199008,0x0000000084300000)
 Metaspace       used 34736K, committed 35840K, reserved 1114112K
  class space    used 3568K, committed 4032K, reserved 1048576K
}
Event: 4.690 GC heap after
{Heap after GC invocations=14 (full 1):
 PSYoungGen      total 22528K, used 288K [0x00000000d5580000, 0x00000000d7000000, 0x0000000100000000)
  eden space 22016K, 0% used [0x00000000d5580000,0x00000000d5580000,0x00000000d6b00000)
  from space 512K, 56% used [0x00000000d6d00000,0x00000000d6d48000,0x00000000d6d80000)
  to   space 1024K, 0% used [0x00000000d6f00000,0x00000000d6f00000,0x00000000d7000000)
 ParOldGen       total 68608K, used 19575K [0x0000000080000000, 0x0000000084300000, 0x00000000d5580000)
  object space 68608K, 28% used [0x0000000080000000,0x000000008131de48,0x0000000084300000)
 Metaspace       used 34736K, committed 35840K, reserved 1114112K
  class space    used 3568K, committed 4032K, reserved 1048576K
}
Event: 4.690 GC heap before
{Heap before GC invocations=15 (full 2):
 PSYoungGen      total 22528K, used 288K [0x00000000d5580000, 0x00000000d7000000, 0x0000000100000000)
  eden space 22016K, 0% used [0x00000000d5580000,0x00000000d5580000,0x00000000d6b00000)
  from space 512K, 56% used [0x00000000d6d00000,0x00000000d6d48000,0x00000000d6d80000)
  to   space 1024K, 0% used [0x00000000d6f00000,0x00000000d6f00000,0x00000000d7000000)
 ParOldGen       total 68608K, used 19575K [0x0000000080000000, 0x0000000084300000, 0x00000000d5580000)
  object space 68608K, 28% used [0x0000000080000000,0x000000008131de48,0x0000000084300000)
 Metaspace       used 34736K, committed 35840K, reserved 1114112K
  class space    used 3568K, committed 4032K, reserved 1048576K
}
Event: 4.724 GC heap after
{Heap after GC invocations=15 (full 2):
 PSYoungGen      total 22528K, used 0K [0x00000000d5580000, 0x00000000d7000000, 0x0000000100000000)
  eden space 22016K, 0% used [0x00000000d5580000,0x00000000d5580000,0x00000000d6b00000)
  from space 512K, 0% used [0x00000000d6d00000,0x00000000d6d00000,0x00000000d6d80000)
  to   space 1024K, 0% used [0x00000000d6f00000,0x00000000d6f00000,0x00000000d7000000)
 ParOldGen       total 68608K, used 19113K [0x0000000080000000, 0x0000000084300000, 0x00000000d5580000)
  object space 68608K, 27% used [0x0000000080000000,0x00000000812aa4d0,0x0000000084300000)
 Metaspace       used 34736K, committed 35840K, reserved 1114112K
  class space    used 3568K, committed 4032K, reserved 1048576K
}
Event: 4.987 GC heap before
{Heap before GC invocations=16 (full 2):
 PSYoungGen      total 22528K, used 22016K [0x00000000d5580000, 0x00000000d7000000, 0x0000000100000000)
  eden space 22016K, 100% used [0x00000000d5580000,0x00000000d6b00000,0x00000000d6b00000)
  from space 512K, 0% used [0x00000000d6d00000,0x00000000d6d00000,0x00000000d6d80000)
  to   space 1024K, 0% used [0x00000000d6f00000,0x00000000d6f00000,0x00000000d7000000)
 ParOldGen       total 68608K, used 19113K [0x0000000080000000, 0x0000000084300000, 0x00000000d5580000)
  object space 68608K, 27% used [0x0000000080000000,0x00000000812aa4d0,0x0000000084300000)
 Metaspace       used 36734K, committed 37952K, reserved 1114112K
  class space    used 3858K, committed 4416K, reserved 1048576K
}
Event: 4.993 GC heap after
{Heap after GC invocations=16 (full 2):
 PSYoungGen      total 23040K, used 1021K [0x00000000d5580000, 0x00000000d7000000, 0x0000000100000000)
  eden space 22016K, 0% used [0x00000000d5580000,0x00000000d5580000,0x00000000d6b00000)
  from space 1024K, 99% used [0x00000000d6f00000,0x00000000d6fff660,0x00000000d7000000)
  to   space 2048K, 0% used [0x00000000d6c00000,0x00000000d6c00000,0x00000000d6e00000)
 ParOldGen       total 68608K, used 19441K [0x0000000080000000, 0x0000000084300000, 0x00000000d5580000)
  object space 68608K, 28% used [0x0000000080000000,0x00000000812fc4f0,0x0000000084300000)
 Metaspace       used 36734K, committed 37952K, reserved 1114112K
  class space    used 3858K, committed 4416K, reserved 1048576K
}
Event: 5.372 GC heap before
{Heap before GC invocations=17 (full 2):
 PSYoungGen      total 23040K, used 23037K [0x00000000d5580000, 0x00000000d7000000, 0x0000000100000000)
  eden space 22016K, 100% used [0x00000000d5580000,0x00000000d6b00000,0x00000000d6b00000)
  from space 1024K, 99% used [0x00000000d6f00000,0x00000000d6fff660,0x00000000d7000000)
  to   space 2048K, 0% used [0x00000000d6c00000,0x00000000d6c00000,0x00000000d6e00000)
 ParOldGen       total 68608K, used 19441K [0x0000000080000000, 0x0000000084300000, 0x00000000d5580000)
  object space 68608K, 28% used [0x0000000080000000,0x00000000812fc4f0,0x0000000084300000)
 Metaspace       used 38323K, committed 39488K, reserved 1114112K
  class space    used 4034K, committed 4544K, reserved 1048576K
}
Event: 5.375 GC heap after
{Heap after GC invocations=17 (full 2):
 PSYoungGen      total 24064K, used 1134K [0x00000000d5580000, 0x00000000d6f80000, 0x0000000100000000)
  eden space 22016K, 0% used [0x00000000d5580000,0x00000000d5580000,0x00000000d6b00000)
  from space 2048K, 55% used [0x00000000d6c00000,0x00000000d6d1ba50,0x00000000d6e00000)
  to   space 1536K, 0% used [0x00000000d6e00000,0x00000000d6e00000,0x00000000d6f80000)
 ParOldGen       total 68608K, used 20429K [0x0000000080000000, 0x0000000084300000, 0x00000000d5580000)
  object space 68608K, 29% used [0x0000000080000000,0x00000000813f36c8,0x0000000084300000)
 Metaspace       used 38323K, committed 39488K, reserved 1114112K
  class space    used 4034K, committed 4544K, reserved 1048576K
}
Event: 5.864 GC heap before
{Heap before GC invocations=18 (full 2):
 PSYoungGen      total 24064K, used 23150K [0x00000000d5580000, 0x00000000d6f80000, 0x0000000100000000)
  eden space 22016K, 100% used [0x00000000d5580000,0x00000000d6b00000,0x00000000d6b00000)
  from space 2048K, 55% used [0x00000000d6c00000,0x00000000d6d1ba50,0x00000000d6e00000)
  to   space 1536K, 0% used [0x00000000d6e00000,0x00000000d6e00000,0x00000000d6f80000)
 ParOldGen       total 68608K, used 20429K [0x0000000080000000, 0x0000000084300000, 0x00000000d5580000)
  object space 68608K, 29% used [0x0000000080000000,0x00000000813f36c8,0x0000000084300000)
 Metaspace       used 39477K, committed 40704K, reserved 1114112K
  class space    used 4186K, committed 4736K, reserved 1048576K
}
Event: 5.868 GC heap after
{Heap after GC invocations=18 (full 2):
 PSYoungGen      total 23552K, used 1517K [0x00000000d5580000, 0x00000000d7000000, 0x0000000100000000)
  eden space 22016K, 0% used [0x00000000d5580000,0x00000000d5580000,0x00000000d6b00000)
  from space 1536K, 98% used [0x00000000d6e00000,0x00000000d6f7b510,0x00000000d6f80000)
  to   space 2560K, 0% used [0x00000000d6b00000,0x00000000d6b00000,0x00000000d6d80000)
 ParOldGen       total 68608K, used 21133K [0x0000000080000000, 0x0000000084300000, 0x00000000d5580000)
  object space 68608K, 30% used [0x0000000080000000,0x00000000814a36d8,0x0000000084300000)
 Metaspace       used 39477K, committed 40704K, reserved 1114112K
  class space    used 4186K, committed 4736K, reserved 1048576K
}

Dll operation events (10 events):
Event: 0.233 Loaded shared library c:\Users\admin\.vscode\extensions\redhat.java-1.44.0-win32-x64\jre\21.0.8-win32-x86_64\bin\java.dll
Event: 0.317 Loaded shared library c:\Users\admin\.vscode\extensions\redhat.java-1.44.0-win32-x64\jre\21.0.8-win32-x86_64\bin\zip.dll
Event: 0.343 Loaded shared library C:\Users\admin\.vscode\extensions\redhat.java-1.44.0-win32-x64\jre\21.0.8-win32-x86_64\bin\instrument.dll
Event: 0.348 Loaded shared library C:\Users\admin\.vscode\extensions\redhat.java-1.44.0-win32-x64\jre\21.0.8-win32-x86_64\bin\net.dll
Event: 0.351 Loaded shared library C:\Users\admin\.vscode\extensions\redhat.java-1.44.0-win32-x64\jre\21.0.8-win32-x86_64\bin\nio.dll
Event: 0.355 Loaded shared library C:\Users\admin\.vscode\extensions\redhat.java-1.44.0-win32-x64\jre\21.0.8-win32-x86_64\bin\zip.dll
Event: 0.375 Loaded shared library C:\Users\admin\.vscode\extensions\redhat.java-1.44.0-win32-x64\jre\21.0.8-win32-x86_64\bin\jimage.dll
Event: 0.450 Loaded shared library c:\Users\admin\.vscode\extensions\redhat.java-1.44.0-win32-x64\jre\21.0.8-win32-x86_64\bin\verify.dll
Event: 1.550 Loaded shared library C:\Users\admin\AppData\Roaming\Code\User\globalStorage\redhat.java\1.44.0\config_win\org.eclipse.equinox.launcher\org.eclipse.equinox.launcher.win32.win32.x86_64_1.2.1400.v20250730-1736\eclipse_11913.dll
Event: 2.743 Loaded shared library C:\Users\admin\AppData\Local\Temp\jna-92668751\jna10963128858904490669.dll

Deoptimization events (20 events):
Event: 5.415 Thread 0x0000021c4eb0f5c0 Uncommon trap: trap_request=0xffffff45 fr.pc=0x0000021c598f1530 relative=0x0000000000000470
Event: 5.415 Thread 0x0000021c4eb0f5c0 Uncommon trap: reason=unstable_if action=reinterpret pc=0x0000021c598f1530 method=java.lang.AbstractStringBuilder.isLatin1()Z @ 10 c2
Event: 5.415 Thread 0x0000021c4eb0f5c0 DEOPT PACKING pc=0x0000021c598f1530 sp=0x0000005b249fe7d0
Event: 5.416 Thread 0x0000021c4eb0f5c0 DEOPT UNPACKING pc=0x0000021c59286da2 sp=0x0000005b249fe720 mode 2
Event: 5.523 Thread 0x0000021c6e916670 Uncommon trap: trap_request=0xffffff45 fr.pc=0x0000021c59a1550c relative=0x000000000000230c
Event: 5.523 Thread 0x0000021c6e916670 Uncommon trap: reason=unstable_if action=reinterpret pc=0x0000021c59a1550c method=sun.nio.cs.StreamDecoder.implRead([CII)I @ 36 c2
Event: 5.523 Thread 0x0000021c6e916670 DEOPT PACKING pc=0x0000021c59a1550c sp=0x0000005b27dfe480
Event: 5.523 Thread 0x0000021c6e916670 DEOPT UNPACKING pc=0x0000021c59286da2 sp=0x0000005b27dfe2f0 mode 2
Event: 5.557 Thread 0x0000021c4eb0f5c0 DEOPT PACKING pc=0x0000021c5219ea1f sp=0x0000005b249fe290
Event: 5.557 Thread 0x0000021c4eb0f5c0 DEOPT UNPACKING pc=0x0000021c592878e2 sp=0x0000005b249fd768 mode 0
Event: 5.619 Thread 0x0000021c6c5e35b0 DEOPT PACKING pc=0x0000021c5219ea1f sp=0x0000005b268fea90
Event: 5.619 Thread 0x0000021c6c5e35b0 DEOPT UNPACKING pc=0x0000021c592878e2 sp=0x0000005b268fdf68 mode 0
Event: 5.675 Thread 0x0000021c6c5e35b0 DEOPT PACKING pc=0x0000021c5219ea1f sp=0x0000005b268fea50
Event: 5.677 Thread 0x0000021c6c5e35b0 DEOPT UNPACKING pc=0x0000021c592878e2 sp=0x0000005b268fdf28 mode 0
Event: 5.727 Thread 0x0000021c6c5e35b0 DEOPT PACKING pc=0x0000021c5219ea1f sp=0x0000005b268fe9a0
Event: 5.727 Thread 0x0000021c6c5e35b0 DEOPT UNPACKING pc=0x0000021c592878e2 sp=0x0000005b268fde78 mode 0
Event: 5.830 Thread 0x0000021c6c5e35b0 DEOPT PACKING pc=0x0000021c5203f0c6 sp=0x0000005b268fdfc0
Event: 5.830 Thread 0x0000021c6c5e35b0 DEOPT UNPACKING pc=0x0000021c592878e2 sp=0x0000005b268fd540 mode 0
Event: 5.872 Thread 0x0000021c6c5e35b0 DEOPT PACKING pc=0x0000021c5214faa6 sp=0x0000005b268fdf60
Event: 5.872 Thread 0x0000021c6c5e35b0 DEOPT UNPACKING pc=0x0000021c592878e2 sp=0x0000005b268fd450 mode 0

Classes loaded (20 events):
Event: 5.212 Loading class java/time/format/Parsed
Event: 5.212 Loading class java/time/format/Parsed done
Event: 5.365 Loading class sun/reflect/generics/repository/FieldRepository
Event: 5.366 Loading class sun/reflect/generics/repository/FieldRepository done
Event: 5.809 Loading class sun/reflect/annotation/AnnotatedTypeFactory$AnnotatedParameterizedTypeImpl
Event: 5.809 Loading class java/lang/reflect/AnnotatedParameterizedType
Event: 5.809 Loading class java/lang/reflect/AnnotatedParameterizedType done
Event: 5.809 Loading class sun/reflect/annotation/AnnotatedTypeFactory$AnnotatedParameterizedTypeImpl done
Event: 5.861 Loading class java/nio/file/FileSystemNotFoundException
Event: 5.862 Loading class java/nio/file/FileSystemNotFoundException done
Event: 5.862 Loading class java/nio/file/FileSystemAlreadyExistsException
Event: 5.862 Loading class java/nio/file/FileSystemAlreadyExistsException done
Event: 5.862 Loading class java/nio/file/ProviderNotFoundException
Event: 5.862 Loading class java/nio/file/ProviderNotFoundException done
Event: 5.864 Loading class java/nio/channels/ClosedByInterruptException
Event: 5.870 Loading class java/nio/channels/AsynchronousCloseException
Event: 5.870 Loading class java/nio/channels/ClosedChannelException
Event: 5.871 Loading class java/nio/channels/ClosedChannelException done
Event: 5.871 Loading class java/nio/channels/AsynchronousCloseException done
Event: 5.871 Loading class java/nio/channels/ClosedByInterruptException done

Classes unloaded (7 events):
Event: 3.294 Thread 0x0000021c4c7af980 Unloading class 0x0000021c011a9000 'java/lang/invoke/LambdaForm$MH+0x0000021c011a9000'
Event: 3.294 Thread 0x0000021c4c7af980 Unloading class 0x0000021c011a8c00 'java/lang/invoke/LambdaForm$MH+0x0000021c011a8c00'
Event: 3.294 Thread 0x0000021c4c7af980 Unloading class 0x0000021c011a8800 'java/lang/invoke/LambdaForm$MH+0x0000021c011a8800'
Event: 3.294 Thread 0x0000021c4c7af980 Unloading class 0x0000021c011a8400 'java/lang/invoke/LambdaForm$MH+0x0000021c011a8400'
Event: 3.294 Thread 0x0000021c4c7af980 Unloading class 0x0000021c011a8000 'java/lang/invoke/LambdaForm$BMH+0x0000021c011a8000'
Event: 3.294 Thread 0x0000021c4c7af980 Unloading class 0x0000021c011a7c00 'java/lang/invoke/LambdaForm$DMH+0x0000021c011a7c00'
Event: 3.294 Thread 0x0000021c4c7af980 Unloading class 0x0000021c011a6800 'java/lang/invoke/LambdaForm$DMH+0x0000021c011a6800'

Classes redefined (0 events):
No events

Internal exceptions (20 events):
Event: 4.667 Thread 0x0000021c6c5e35b0 Exception <a 'sun/nio/fs/WindowsException'{0x00000000d6a5baf8}> (0x00000000d6a5baf8) 
thrown [s\src\hotspot\share\prims\jni.cpp, line 520]
Event: 4.670 Thread 0x0000021c6c5e35b0 Exception <a 'java/lang/NoSuchMethodError'{0x00000000d6b07c50}: 'void java.lang.invoke.DirectMethodHandle$Holder.invokeVirtual(java.lang.Object, java.lang.Object, java.lang.Object, java.lang.Object)'> (0x00000000d6b07c50) 
thrown [s\src\hotspot\share\interpreter\linkResolver.cpp, line 773]
Event: 4.749 Thread 0x0000021c6c5e35b0 Exception <a 'java/lang/NoSuchMethodError'{0x00000000d589ec90}: 'int java.lang.invoke.DirectMethodHandle$Holder.invokeSpecial(java.lang.Object, java.lang.Object, java.lang.Object, java.lang.Object)'> (0x00000000d589ec90) 
thrown [s\src\hotspot\share\interpreter\linkResolver.cpp, line 773]
Event: 4.786 Thread 0x0000021c6c5e35b0 Exception <a 'sun/nio/fs/WindowsException'{0x00000000d5ccb588}> (0x00000000d5ccb588) 
thrown [s\src\hotspot\share\prims\jni.cpp, line 520]
Event: 4.787 Thread 0x0000021c6c5e35b0 Exception <a 'sun/nio/fs/WindowsException'{0x00000000d5ccbdd8}> (0x00000000d5ccbdd8) 
thrown [s\src\hotspot\share\prims\jni.cpp, line 520]
Event: 4.787 Thread 0x0000021c6c5e35b0 Exception <a 'sun/nio/fs/WindowsException'{0x00000000d5d16b18}> (0x00000000d5d16b18) 
thrown [s\src\hotspot\share\prims\jni.cpp, line 520]
Event: 4.787 Thread 0x0000021c6c5e35b0 Exception <a 'sun/nio/fs/WindowsException'{0x00000000d5d17148}> (0x00000000d5d17148) 
thrown [s\src\hotspot\share\prims\jni.cpp, line 520]
Event: 4.788 Thread 0x0000021c6c5e35b0 Exception <a 'sun/nio/fs/WindowsException'{0x00000000d5d1a348}> (0x00000000d5d1a348) 
thrown [s\src\hotspot\share\prims\jni.cpp, line 520]
Event: 4.788 Thread 0x0000021c6c5e35b0 Exception <a 'sun/nio/fs/WindowsException'{0x00000000d5d1a978}> (0x00000000d5d1a978) 
thrown [s\src\hotspot\share\prims\jni.cpp, line 520]
Event: 4.801 Thread 0x0000021c6c5e35b0 Exception <a 'sun/nio/fs/WindowsException'{0x00000000d5e4fe20}> (0x00000000d5e4fe20) 
thrown [s\src\hotspot\share\prims\jni.cpp, line 520]
Event: 4.802 Thread 0x0000021c6c5e35b0 Exception <a 'sun/nio/fs/WindowsException'{0x00000000d5e50450}> (0x00000000d5e50450) 
thrown [s\src\hotspot\share\prims\jni.cpp, line 520]
Event: 4.831 Thread 0x0000021c6c5e35b0 Exception <a 'java/io/FileNotFoundException'{0x00000000d6043058}> (0x00000000d6043058) 
thrown [s\src\hotspot\share\prims\jni.cpp, line 520]
Event: 4.855 Thread 0x0000021c6c5e35b0 Exception <a 'sun/nio/fs/WindowsException'{0x00000000d628eca0}> (0x00000000d628eca0) 
thrown [s\src\hotspot\share\prims\jni.cpp, line 520]
Event: 4.871 Thread 0x0000021c6c5e2f20 Exception <a 'java/lang/NoClassDefFoundError'{0x00000000d63d26d8}: javax/enterprise/inject/Typed> (0x00000000d63d26d8) 
thrown [s\src\hotspot\share\classfile\systemDictionary.cpp, line 301]
Event: 4.977 Thread 0x0000021c4eb0f5c0 Exception <a 'java/lang/NoSuchMethodError'{0x00000000d6a90d30}: 'void java.lang.invoke.DirectMethodHandle$Holder.invokeSpecial(java.lang.Object, java.lang.Object, java.lang.Object, java.lang.Object, java.lang.Object, java.lang.Object)'> (0x00000000d6a90d30) 
thrown [s\src\hotspot\share\interpreter\linkResolver.cpp, line 773]
Event: 4.980 Thread 0x0000021c4eb0f5c0 Exception <a 'java/lang/IncompatibleClassChangeError'{0x00000000d6ada9a0}: Found class java.lang.Object, but interface was expected> (0x00000000d6ada9a0) 
thrown [s\src\hotspot\share\interpreter\linkResolver.cpp, line 840]
Event: 4.993 Thread 0x0000021c4eb0f5c0 Exception <a 'java/lang/IncompatibleClassChangeError'{0x00000000d5580b50}: Found class java.lang.Object, but interface was expected> (0x00000000d5580b50) 
thrown [s\src\hotspot\share\interpreter\linkResolver.cpp, line 840]
Event: 4.993 Thread 0x0000021c4eb0f5c0 Implicit null exception at 0x0000021c59986486 to 0x0000021c5998657c
Event: 5.792 Thread 0x0000021c6c5e35b0 Exception <a 'sun/nio/fs/WindowsException'{0x00000000d694d070}> (0x00000000d694d070) 
thrown [s\src\hotspot\share\prims\jni.cpp, line 520]
Event: 5.792 Thread 0x0000021c6c5e35b0 Exception <a 'sun/nio/fs/WindowsException'{0x00000000d694d950}> (0x00000000d694d950) 
thrown [s\src\hotspot\share\prims\jni.cpp, line 520]

ZGC Phase Switch (0 events):
No events

VM Operations (20 events):
Event: 4.262 Executing VM operation: HandshakeAllThreads (Deoptimize)
Event: 4.262 Executing VM operation: HandshakeAllThreads (Deoptimize) done
Event: 4.295 Executing VM operation: HandshakeAllThreads (Deoptimize)
Event: 4.295 Executing VM operation: HandshakeAllThreads (Deoptimize) done
Event: 4.411 Executing VM operation: HandshakeAllThreads (Deoptimize)
Event: 4.412 Executing VM operation: HandshakeAllThreads (Deoptimize) done
Event: 4.537 Executing VM operation: ParallelGCFailedAllocation (Allocation Failure)
Event: 4.544 Executing VM operation: ParallelGCFailedAllocation (Allocation Failure) done
Event: 4.672 Executing VM operation: ParallelGCFailedAllocation (Allocation Failure)
Event: 4.676 Executing VM operation: ParallelGCFailedAllocation (Allocation Failure) done
Event: 4.688 Executing VM operation: CollectForMetadataAllocation (Metadata GC Threshold)
Event: 4.724 Executing VM operation: CollectForMetadataAllocation (Metadata GC Threshold) done
Event: 4.856 Executing VM operation: HandshakeAllThreads (Deoptimize)
Event: 4.856 Executing VM operation: HandshakeAllThreads (Deoptimize) done
Event: 4.981 Executing VM operation: ParallelGCFailedAllocation (Allocation Failure)
Event: 4.993 Executing VM operation: ParallelGCFailedAllocation (Allocation Failure) done
Event: 5.370 Executing VM operation: ParallelGCFailedAllocation (Allocation Failure)
Event: 5.375 Executing VM operation: ParallelGCFailedAllocation (Allocation Failure) done
Event: 5.864 Executing VM operation: ParallelGCFailedAllocation (Allocation Failure)
Event: 5.868 Executing VM operation: ParallelGCFailedAllocation (Allocation Failure) done

Memory protections (0 events):
No events

Nmethod flushes (20 events):
Event: 4.705 Thread 0x0000021c4c7af980 flushing  nmethod 0x0000021c5237bc90
Event: 4.705 Thread 0x0000021c4c7af980 flushing  nmethod 0x0000021c5237ce90
Event: 4.705 Thread 0x0000021c4c7af980 flushing  nmethod 0x0000021c5237d690
Event: 4.705 Thread 0x0000021c4c7af980 flushing  nmethod 0x0000021c5237de10
Event: 4.705 Thread 0x0000021c4c7af980 flushing  nmethod 0x0000021c5237ff10
Event: 4.705 Thread 0x0000021c4c7af980 flushing  nmethod 0x0000021c52381510
Event: 4.705 Thread 0x0000021c4c7af980 flushing  nmethod 0x0000021c52382190
Event: 4.705 Thread 0x0000021c4c7af980 flushing  nmethod 0x0000021c52382690
Event: 4.705 Thread 0x0000021c4c7af980 flushing  nmethod 0x0000021c52383510
Event: 4.705 Thread 0x0000021c4c7af980 flushing  nmethod 0x0000021c523a5a10
Event: 4.705 Thread 0x0000021c4c7af980 flushing  nmethod 0x0000021c523be290
Event: 4.705 Thread 0x0000021c4c7af980 flushing  nmethod 0x0000021c523c2f10
Event: 4.705 Thread 0x0000021c4c7af980 flushing  nmethod 0x0000021c523cbb90
Event: 4.705 Thread 0x0000021c4c7af980 flushing  nmethod 0x0000021c523d7c90
Event: 4.705 Thread 0x0000021c4c7af980 flushing  nmethod 0x0000021c5247af10
Event: 4.705 Thread 0x0000021c4c7af980 flushing  nmethod 0x0000021c5248b510
Event: 4.705 Thread 0x0000021c4c7af980 flushing  nmethod 0x0000021c5248b990
Event: 4.705 Thread 0x0000021c4c7af980 flushing  nmethod 0x0000021c5248fc10
Event: 4.705 Thread 0x0000021c4c7af980 flushing  nmethod 0x0000021c524abb10
Event: 4.705 Thread 0x0000021c4c7af980 flushing  nmethod 0x0000021c524ca990

Events (20 events):
Event: 3.898 Thread 0x0000021c4eaae620 Thread added: 0x0000021c6d45b300
Event: 3.898 Thread 0x0000021c4eaae620 Thread added: 0x0000021c6c879080
Event: 4.093 Thread 0x0000021c6bc624e0 Thread added: 0x0000021c6c5e1b70
Event: 4.442 Thread 0x0000021c6c5e35b0 Thread added: 0x0000021c6c5e3c40
Event: 4.473 Thread 0x0000021c6c5e3c40 Thread added: 0x0000021c6e919af0
Event: 4.565 Thread 0x0000021c6e919af0 Thread added: 0x0000021c6e91a180
Event: 4.624 Thread 0x0000021c4eb0f5c0 Thread added: 0x0000021c6e91aea0
Event: 4.624 Thread 0x0000021c4eb0f5c0 Thread added: 0x0000021c6e91a810
Event: 4.624 Thread 0x0000021c4eb0f5c0 Thread added: 0x0000021c6e91b530
Event: 4.624 Thread 0x0000021c4eb0f5c0 Thread added: 0x0000021c6e9152c0
Event: 4.624 Thread 0x0000021c4eb0f5c0 Thread added: 0x0000021c6e9145a0
Event: 4.624 Thread 0x0000021c4eb0f5c0 Thread added: 0x0000021c6e918740
Event: 4.625 Thread 0x0000021c4eb0f5c0 Thread added: 0x0000021c6e9180b0
Event: 4.625 Thread 0x0000021c4eb0f5c0 Thread added: 0x0000021c6e919460
Event: 4.626 Thread 0x0000021c4eb0f5c0 Thread added: 0x0000021c6e915950
Event: 4.651 Thread 0x0000021c4eb0f5c0 Thread added: 0x0000021c6e91bbc0
Event: 4.972 Thread 0x0000021c6c5e3c40 Thread added: 0x0000021c6e914c30
Event: 5.046 Thread 0x0000021c4eb0f5c0 Thread added: 0x0000021c6e915fe0
Event: 5.046 Thread 0x0000021c4eb0f5c0 Thread added: 0x0000021c6e916670
Event: 5.413 Thread 0x0000021c6e919af0 Thread added: 0x0000021c6e916d00


Dynamic libraries:
0x00007ff753d30000 - 0x00007ff753d3e000 	c:\Users\admin\.vscode\extensions\redhat.java-1.44.0-win32-x64\jre\21.0.8-win32-x86_64\bin\java.exe
0x00007ff9435f0000 - 0x00007ff943807000 	C:\Windows\SYSTEM32\ntdll.dll
0x00007ff9422e0000 - 0x00007ff9423a4000 	C:\Windows\System32\KERNEL32.DLL
0x00007ff940d00000 - 0x00007ff9410d0000 	C:\Windows\System32\KERNELBASE.dll
0x00007ff940ab0000 - 0x00007ff940bc1000 	C:\Windows\System32\ucrtbase.dll
0x00007ff92d480000 - 0x00007ff92d498000 	c:\Users\admin\.vscode\extensions\redhat.java-1.44.0-win32-x64\jre\21.0.8-win32-x86_64\bin\jli.dll
0x00007ff936710000 - 0x00007ff93672e000 	c:\Users\admin\.vscode\extensions\redhat.java-1.44.0-win32-x64\jre\21.0.8-win32-x86_64\bin\VCRUNTIME140.dll
0x00007ff9423b0000 - 0x00007ff94255e000 	C:\Windows\System32\USER32.dll
0x00007ff9412b0000 - 0x00007ff9412d6000 	C:\Windows\System32\win32u.dll
0x00007ff9273f0000 - 0x00007ff927682000 	C:\Windows\WinSxS\amd64_microsoft.windows.common-controls_6595b64144ccf1df_6.0.22621.4830_none_270fe7d773858e80\COMCTL32.dll
0x00007ff9415f0000 - 0x00007ff941619000 	C:\Windows\System32\GDI32.dll
0x00007ff942b20000 - 0x00007ff942bc7000 	C:\Windows\System32\msvcrt.dll
0x00007ff941190000 - 0x00007ff9412ab000 	C:\Windows\System32\gdi32full.dll
0x00007ff9408a0000 - 0x00007ff94093a000 	C:\Windows\System32\msvcp_win.dll
0x00007ff941620000 - 0x00007ff941651000 	C:\Windows\System32\IMM32.DLL
0x00007ff9398e0000 - 0x00007ff9398ec000 	c:\Users\admin\.vscode\extensions\redhat.java-1.44.0-win32-x64\jre\21.0.8-win32-x86_64\bin\vcruntime140_1.dll
0x00007ff8eba60000 - 0x00007ff8ebaed000 	c:\Users\admin\.vscode\extensions\redhat.java-1.44.0-win32-x64\jre\21.0.8-win32-x86_64\bin\msvcp140.dll
0x00007ff8c2870000 - 0x00007ff8c3607000 	c:\Users\admin\.vscode\extensions\redhat.java-1.44.0-win32-x64\jre\21.0.8-win32-x86_64\bin\server\jvm.dll
0x00007ff941710000 - 0x00007ff9417c1000 	C:\Windows\System32\ADVAPI32.dll
0x00007ff942be0000 - 0x00007ff942c87000 	C:\Windows\System32\sechost.dll
0x00007ff940c50000 - 0x00007ff940c78000 	C:\Windows\System32\bcrypt.dll
0x00007ff9414d0000 - 0x00007ff9415e4000 	C:\Windows\System32\RPCRT4.dll
0x00007ff9417d0000 - 0x00007ff941841000 	C:\Windows\System32\WS2_32.dll
0x00007ff93f700000 - 0x00007ff93f74d000 	C:\Windows\SYSTEM32\POWRPROF.dll
0x00007ff93adf0000 - 0x00007ff93ae24000 	C:\Windows\SYSTEM32\WINMM.dll
0x00007ff938a70000 - 0x00007ff938a7a000 	C:\Windows\SYSTEM32\VERSION.dll
0x00007ff93f6e0000 - 0x00007ff93f6f3000 	C:\Windows\SYSTEM32\UMPDC.dll
0x00007ff93f8f0000 - 0x00007ff93f908000 	C:\Windows\SYSTEM32\kernel.appcore.dll
0x00007ff930970000 - 0x00007ff93097a000 	c:\Users\admin\.vscode\extensions\redhat.java-1.44.0-win32-x64\jre\21.0.8-win32-x86_64\bin\jimage.dll
0x00007ff93e170000 - 0x00007ff93e3a2000 	C:\Windows\SYSTEM32\DBGHELP.DLL
0x00007ff942790000 - 0x00007ff942b20000 	C:\Windows\System32\combase.dll
0x00007ff941370000 - 0x00007ff941447000 	C:\Windows\System32\OLEAUT32.dll
0x00007ff93adb0000 - 0x00007ff93ade2000 	C:\Windows\SYSTEM32\dbgcore.DLL
0x00007ff940bd0000 - 0x00007ff940c4b000 	C:\Windows\System32\bcryptPrimitives.dll
0x00007ff9307a0000 - 0x00007ff9307af000 	c:\Users\admin\.vscode\extensions\redhat.java-1.44.0-win32-x64\jre\21.0.8-win32-x86_64\bin\instrument.dll
0x00007ff92c920000 - 0x00007ff92c93f000 	c:\Users\admin\.vscode\extensions\redhat.java-1.44.0-win32-x64\jre\21.0.8-win32-x86_64\bin\java.dll
0x00007ff942ca0000 - 0x00007ff943518000 	C:\Windows\System32\SHELL32.dll
0x00007ff93e7b0000 - 0x00007ff93f0c0000 	C:\Windows\SYSTEM32\windows.storage.dll
0x00007ff93e670000 - 0x00007ff93e7af000 	C:\Windows\SYSTEM32\wintypes.dll
0x00007ff9419c0000 - 0x00007ff941aca000 	C:\Windows\System32\SHCORE.dll
0x00007ff941850000 - 0x00007ff9418ae000 	C:\Windows\System32\shlwapi.dll
0x00007ff9407d0000 - 0x00007ff9407fb000 	C:\Windows\SYSTEM32\profapi.dll
0x00007ff914e70000 - 0x00007ff914e88000 	c:\Users\admin\.vscode\extensions\redhat.java-1.44.0-win32-x64\jre\21.0.8-win32-x86_64\bin\zip.dll
0x00007ff930540000 - 0x00007ff930550000 	C:\Users\admin\.vscode\extensions\redhat.java-1.44.0-win32-x64\jre\21.0.8-win32-x86_64\bin\net.dll
0x00007ff93a120000 - 0x00007ff93a24c000 	C:\Windows\SYSTEM32\WINHTTP.dll
0x00007ff93fe00000 - 0x00007ff93fe6a000 	C:\Windows\system32\mswsock.dll
0x00007ff904650000 - 0x00007ff904666000 	C:\Users\admin\.vscode\extensions\redhat.java-1.44.0-win32-x64\jre\21.0.8-win32-x86_64\bin\nio.dll
0x00007ff9303f0000 - 0x00007ff930400000 	c:\Users\admin\.vscode\extensions\redhat.java-1.44.0-win32-x64\jre\21.0.8-win32-x86_64\bin\verify.dll
0x00007ff8f3550000 - 0x00007ff8f3595000 	C:\Users\admin\AppData\Roaming\Code\User\globalStorage\redhat.java\1.44.0\config_win\org.eclipse.equinox.launcher\org.eclipse.equinox.launcher.win32.win32.x86_64_1.2.1400.v20250730-1736\eclipse_11913.dll
0x00007ff941ca0000 - 0x00007ff941e41000 	C:\Windows\System32\ole32.dll
0x00007ff940150000 - 0x00007ff94016b000 	C:\Windows\SYSTEM32\CRYPTSP.dll
0x00007ff93f910000 - 0x00007ff93f945000 	C:\Windows\system32\rsaenh.dll
0x00007ff93fea0000 - 0x00007ff93fec8000 	C:\Windows\SYSTEM32\USERENV.dll
0x00007ff940130000 - 0x00007ff94013c000 	C:\Windows\SYSTEM32\CRYPTBASE.dll
0x00007ff93f390000 - 0x00007ff93f3bd000 	C:\Windows\SYSTEM32\IPHLPAPI.DLL
0x00007ff941e50000 - 0x00007ff941e59000 	C:\Windows\System32\NSI.dll
0x00007ff8f0710000 - 0x00007ff8f0759000 	C:\Users\admin\AppData\Local\Temp\jna-92668751\jna10963128858904490669.dll
0x00007ff942720000 - 0x00007ff942728000 	C:\Windows\System32\PSAPI.DLL
0x00007ff939760000 - 0x00007ff939779000 	C:\Windows\SYSTEM32\dhcpcsvc6.DLL
0x00007ff939740000 - 0x00007ff93975f000 	C:\Windows\SYSTEM32\dhcpcsvc.DLL

JVMTI agents:
c:\Users\admin\.vscode\extensions\redhat.java-1.44.0-win32-x64\lombok\lombok-1.18.39-4050.jar path:c:\Users\admin\.vscode\extensions\redhat.java-1.44.0-win32-x64\jre\21.0.8-win32-x86_64\bin\instrument.dll, loaded, initialized, instrumentlib options:none

dbghelp: loaded successfully - version: 4.0.5 - missing functions: none
symbol engine: initialized successfully - sym options: 0x614 - pdb path: .;c:\Users\admin\.vscode\extensions\redhat.java-1.44.0-win32-x64\jre\21.0.8-win32-x86_64\bin;C:\Windows\SYSTEM32;C:\Windows\WinSxS\amd64_microsoft.windows.common-controls_6595b64144ccf1df_6.0.22621.4830_none_270fe7d773858e80;c:\Users\admin\.vscode\extensions\redhat.java-1.44.0-win32-x64\jre\21.0.8-win32-x86_64\bin\server;C:\Users\admin\AppData\Roaming\Code\User\globalStorage\redhat.java\1.44.0\config_win\org.eclipse.equinox.launcher\org.eclipse.equinox.launcher.win32.win32.x86_64_1.2.1400.v20250730-1736;C:\Users\admin\AppData\Local\Temp\jna-92668751

VM Arguments:
jvm_args: --add-modules=ALL-SYSTEM --add-opens=java.base/java.util=ALL-UNNAMED --add-opens=java.base/java.lang=ALL-UNNAMED --add-opens=java.base/sun.nio.fs=ALL-UNNAMED -Declipse.application=org.eclipse.jdt.ls.core.id1 -Dosgi.bundles.defaultStartLevel=4 -Declipse.product=org.eclipse.jdt.ls.core.product -Djava.import.generatesMetadataFilesAtProjectRoot=false -DDetectVMInstallationsJob.disabled=true -Dfile.encoding=utf8 -XX:+UseParallelGC -XX:GCTimeRatio=4 -XX:AdaptiveSizePolicyWeight=90 -Dsun.zip.disableMemoryMapping=true -Xmx2G -Xms100m -Xlog:disable -javaagent:c:\Users\admin\.vscode\extensions\redhat.java-1.44.0-win32-x64\lombok\lombok-1.18.39-4050.jar -XX:+HeapDumpOnOutOfMemoryError -XX:HeapDumpPath=c:\Users\admin\AppData\Roaming\Code\User\workspaceStorage\fd388ed41d4384b1842cb9e6b045302c\redhat.java -Daether.dependencyCollector.impl=bf 
java_command: c:\Users\admin\.vscode\extensions\redhat.java-1.44.0-win32-x64\server\plugins\org.eclipse.equinox.launcher_1.7.0.v20250519-0528.jar -configuration c:\Users\admin\AppData\Roaming\Code\User\globalStorage\redhat.java\1.44.0\config_win -data c:\Users\admin\AppData\Roaming\Code\User\workspaceStorage\fd388ed41d4384b1842cb9e6b045302c\redhat.java\jdt_ws --pipe=\\.\pipe\lsp-d21e6bf3a889ba4f185a59aaa8282e6f-sock
java_class_path (initial): c:\Users\admin\.vscode\extensions\redhat.java-1.44.0-win32-x64\server\plugins\org.eclipse.equinox.launcher_1.7.0.v20250519-0528.jar
Launcher Type: SUN_STANDARD

[Global flags]
    uintx AdaptiveSizePolicyWeight                 = 90                                        {product} {command line}
     intx CICompilerCount                          = 4                                         {product} {ergonomic}
    uintx GCTimeRatio                              = 4                                         {product} {command line}
     bool HeapDumpOnOutOfMemoryError               = true                                   {manageable} {command line}
    ccstr HeapDumpPath                             = c:\Users\admin\AppData\Roaming\Code\User\workspaceStorage\fd388ed41d4384b1842cb9e6b045302c\redhat.java         {manageable} {command line}
   size_t InitialHeapSize                          = 104857600                                 {product} {command line}
   size_t MaxHeapSize                              = 2147483648                                {product} {command line}
   size_t MaxNewSize                               = 715653120                                 {product} {ergonomic}
   size_t MinHeapDeltaBytes                        = 524288                                    {product} {ergonomic}
   size_t MinHeapSize                              = 104857600                                 {product} {command line}
   size_t NewSize                                  = 34603008                                  {product} {ergonomic}
    uintx NonNMethodCodeHeapSize                   = 5839372                                {pd product} {ergonomic}
    uintx NonProfiledCodeHeapSize                  = 122909434                              {pd product} {ergonomic}
   size_t OldSize                                  = 70254592                                  {product} {ergonomic}
    uintx ProfiledCodeHeapSize                     = 122909434                              {pd product} {ergonomic}
    uintx ReservedCodeCacheSize                    = 251658240                              {pd product} {ergonomic}
     bool SegmentedCodeCache                       = true                                      {product} {ergonomic}
   size_t SoftMaxHeapSize                          = 2147483648                             {manageable} {ergonomic}
     bool UseCompressedOops                        = true                           {product lp64_product} {ergonomic}
     bool UseLargePagesIndividualAllocation        = false                                  {pd product} {ergonomic}
     bool UseParallelGC                            = true                                      {product} {command line}

Logging:
Log output configuration:
 #0: stdout all=off uptime,level,tags foldmultilines=false
 #1: stderr all=off uptime,level,tags foldmultilines=false

Environment Variables:
JAVA_HOME=C:\Program Files\Java\jdk-24
PATH=C:\Program Files\Common Files\Oracle\Java\javapath;C:\\Windows\system32;C:\Program Files\apache-ant-1.10.14\bin;C:\Program Files\Java\jdk-24\bin;C:\Program Files\Microsoft SQL Server\150\Tools\Binn\;C:\Program Files\dotnet\;C:\Program Files\Git\cmd;C:\Program Files\Cloudflare\Cloudflare WARP\;C:\Program Files\apache-maven-3.9.9-bin\apache-maven-3.9.9\bin;C:\Program Files\nodejs;C:\Windows\System32\WindowsPowerShell\v1.0;C:\Program Files\Redis;d:\cursor\resources\app\bin;d:\cursor\resources\app\bin;C:\Program Files\Redis\;C:\Windows\System32\OpenSSH\;C:\Program Files\Docker\Docker\resources\bin;C:\Users\admin\AppData\Local\Programs\oh-my-posh\bin\;C:\Program Files\MySQL\MySQL Shell 8.0\bin\;C:\Users\admin\AppData\Local\Microsoft\WindowsApps;C:\Program Files\Azure Data Studio\bin;C:\Users\admin\.dotnet\tools;C:\Users\admin\AppData\Roaming\npm;D:\IntelliJ IDEA 2024.3.4\bin;;D:\PostgreSQL\17\bin;C:\Program Files\mongosh\;D:\cursor\resources\app\bin;D:\Microsoft VS Code\bin
USERNAME=admin
OS=Windows_NT
PROCESSOR_IDENTIFIER=Intel64 Family 6 Model 140 Stepping 1, GenuineIntel
TMP=C:\Users\admin\AppData\Local\Temp
TEMP=C:\Users\admin\AppData\Local\Temp




Periodic native trim disabled

---------------  S Y S T E M  ---------------

OS:
 Windows 11 , 64 bit Build 22621 (10.0.22621.4830)
OS uptime: 0 days 4:01 hours
Hyper-V role detected

CPU: total 8 (initial active 8) (4 cores per cpu, 2 threads per core) family 6 model 140 stepping 1 microcode 0xbc, cx8, cmov, fxsr, ht, mmx, 3dnowpref, sse, sse2, sse3, ssse3, sse4.1, sse4.2, popcnt, lzcnt, tsc, tscinvbit, avx, avx2, aes, erms, clmul, bmi1, bmi2, adx, avx512f, avx512dq, avx512cd, avx512bw, avx512vl, sha, fma, vzeroupper, avx512_vpopcntdq, avx512_vpclmulqdq, avx512_vaes, avx512_vnni, clflush, clflushopt, clwb, avx512_vbmi2, avx512_vbmi, hv, rdtscp, rdpid, fsrm, gfni, avx512_bitalg, f16c, cet_ibt, cet_ss, avx512_ifma
Processor Information for the first 8 processors :
  Max Mhz: 2611, Current Mhz: 2611, Mhz Limit: 2611

Memory: 4k page, system-wide physical 16122M (1301M free)
TotalPageFile size 16122M (AvailPageFile size 4M)
current process WorkingSet (physical memory assigned to process): 201M, peak: 224M
current process commit charge ("private bytes"): 327M, peak: 347M

vm_info: OpenJDK 64-Bit Server VM (21.0.8+9-LTS) for windows-amd64 JRE (21.0.8+9-LTS), built on 2025-07-15T00:00:00Z by "admin" with MS VC++ 17.7 (VS2022)

END.
