#
# There is insufficient memory for the Java Runtime Environment to continue.
# Native memory allocation (malloc) failed to allocate 2223424 bytes. Error detail: Chunk::new
# Possible reasons:
#   The system is out of physical RAM or swap space
#   This process is running with CompressedOops enabled, and the Java Heap may be blocking the growth of the native heap
# Possible solutions:
#   Reduce memory load on the system
#   Increase physical memory or swap space
#   Check if swap backing store is full
#   Decrease Java heap size (-Xmx/-Xms)
#   Decrease number of Java threads
#   Decrease Java thread stack sizes (-Xss)
#   Set larger code cache with -XX:ReservedCodeCacheSize=
#   JVM is running with Unscaled Compressed Oops mode in which the Java heap is
#     placed in the first 4GB address space. The Java Heap base address is the
#     maximum limit for the native heap growth. Please use -XX:HeapBaseMinAddress
#     to set the Java Heap base and to place the Java Heap above 4GB virtual address.
# This output file may be truncated or incomplete.
#
#  Out of Memory Error (arena.cpp:168), pid=15944, tid=17892
#
# JRE version: OpenJDK Runtime Environment Temurin-21.0.8+9 (21.0.8+9) (build 21.0.8+9-LTS)
# Java VM: OpenJDK 64-Bit Server VM Temurin-21.0.8+9 (21.0.8+9-LTS, mixed mode, sharing, tiered, compressed oops, compressed class ptrs, parallel gc, windows-amd64)
# No core dump will be written. Minidumps are not enabled by default on client versions of Windows
#

---------------  S U M M A R Y ------------

Command Line: --add-modules=ALL-SYSTEM --add-opens=java.base/java.util=ALL-UNNAMED --add-opens=java.base/java.lang=ALL-UNNAMED --add-opens=java.base/sun.nio.fs=ALL-UNNAMED -Declipse.application=org.eclipse.jdt.ls.core.id1 -Dosgi.bundles.defaultStartLevel=4 -Declipse.product=org.eclipse.jdt.ls.core.product -Djava.import.generatesMetadataFilesAtProjectRoot=false -DDetectVMInstallationsJob.disabled=true -Dfile.encoding=utf8 -XX:+UseParallelGC -XX:GCTimeRatio=4 -XX:AdaptiveSizePolicyWeight=90 -Dsun.zip.disableMemoryMapping=true -Xmx2G -Xms100m -Xlog:disable -javaagent:c:\Users\admin\.vscode\extensions\redhat.java-1.44.0-win32-x64\lombok\lombok-1.18.39-4050.jar c:\Users\admin\.vscode\extensions\redhat.java-1.44.0-win32-x64\server\plugins\org.eclipse.equinox.launcher_1.7.0.v20250519-0528.jar -configuration c:\Users\admin\AppData\Roaming\Code\User\globalStorage\redhat.java\1.44.0\config_ss_win -data c:\Users\admin\AppData\Roaming\Code\User\workspaceStorage\fd388ed41d4384b1842cb9e6b045302c\redhat.java\ss_ws --pipe=\\.\pipe\lsp-5e374b638a75b75ca17dc528c270801c-sock

Host: 11th Gen Intel(R) Core(TM) i5-11300H @ 3.10GHz, 8 cores, 15G,  Windows 11 , 64 bit Build 22621 (10.0.22621.4830)
Time: Sun Aug 24 21:40:46 2025 SE Asia Standard Time elapsed time: 5.621961 seconds (0d 0h 0m 5s)

---------------  T H R E A D  ---------------

Current thread (0x000001f66736c710):  JavaThread "C2 CompilerThread1" daemon [_thread_in_native, id=17892, stack(0x0000009fe7700000,0x0000009fe7800000) (1024K)]


Current CompileTask:
C2:5622 4568       4       org.lombokweb.asm.SymbolTable::<init> (554 bytes)

Stack: [0x0000009fe7700000,0x0000009fe7800000]
Native frames: (J=compiled Java code, j=interpreted, Vv=VM code, C=native code)
V  [jvm.dll+0x6d2449]
V  [jvm.dll+0x8ae341]
V  [jvm.dll+0x8b08be]
V  [jvm.dll+0x8b0fa3]
V  [jvm.dll+0x280c96]
V  [jvm.dll+0xc581d]
V  [jvm.dll+0xc5d53]
V  [jvm.dll+0x3b919c]
V  [jvm.dll+0x1e1409]
V  [jvm.dll+0x249022]
V  [jvm.dll+0x2484af]
V  [jvm.dll+0x1c89ee]
V  [jvm.dll+0x257d4d]
V  [jvm.dll+0x2562ea]
V  [jvm.dll+0x3f2d16]
V  [jvm.dll+0x857e6b]
V  [jvm.dll+0x6d0b0d]
C  [ucrtbase.dll+0x29333]
C  [KERNEL32.DLL+0x1259d]
C  [ntdll.dll+0x5af38]


---------------  P R O C E S S  ---------------

Threads class SMR info:
_java_thread_list=0x000001f6698e5e00, length=34, elements={
0x000001f64a620e60, 0x000001f64a6dbc90, 0x000001f64a6dd2d0, 0x000001f6610860e0,
0x000001f661088ec0, 0x000001f66108a260, 0x000001f66108ade0, 0x000001f66108c7d0,
0x000001f6610aa4f0, 0x000001f6629f2660, 0x000001f6670500f0, 0x000001f66779c780,
0x000001f667604700, 0x000001f66727b780, 0x000001f667329a80, 0x000001f667966480,
0x000001f6678ed140, 0x000001f6672370e0, 0x000001f667183c00, 0x000001f667c3f420,
0x000001f66736c710, 0x000001f667c407d0, 0x000001f667c40e60, 0x000001f667c3ed90,
0x000001f667c3e070, 0x000001f667c3fab0, 0x000001f667c40140, 0x000001f667c414f0,
0x000001f667c3e700, 0x000001f668024a60, 0x000001f668025e10, 0x000001f668029920,
0x000001f6680271c0, 0x000001f668025780
}

Java Threads: ( => current thread )
  0x000001f64a620e60 JavaThread "main"                              [_thread_blocked, id=2588, stack(0x0000009fe5900000,0x0000009fe5a00000) (1024K)]
  0x000001f64a6dbc90 JavaThread "Reference Handler"          daemon [_thread_blocked, id=10424, stack(0x0000009fe5d00000,0x0000009fe5e00000) (1024K)]
  0x000001f64a6dd2d0 JavaThread "Finalizer"                  daemon [_thread_blocked, id=11176, stack(0x0000009fe5e00000,0x0000009fe5f00000) (1024K)]
  0x000001f6610860e0 JavaThread "Signal Dispatcher"          daemon [_thread_blocked, id=1524, stack(0x0000009fe5f00000,0x0000009fe6000000) (1024K)]
  0x000001f661088ec0 JavaThread "Attach Listener"            daemon [_thread_blocked, id=17216, stack(0x0000009fe6000000,0x0000009fe6100000) (1024K)]
  0x000001f66108a260 JavaThread "Service Thread"             daemon [_thread_blocked, id=19060, stack(0x0000009fe6100000,0x0000009fe6200000) (1024K)]
  0x000001f66108ade0 JavaThread "Monitor Deflation Thread"   daemon [_thread_blocked, id=18016, stack(0x0000009fe6200000,0x0000009fe6300000) (1024K)]
  0x000001f66108c7d0 JavaThread "C2 CompilerThread0"         daemon [_thread_in_native, id=16368, stack(0x0000009fe6300000,0x0000009fe6400000) (1024K)]
  0x000001f6610aa4f0 JavaThread "C1 CompilerThread0"         daemon [_thread_blocked, id=19300, stack(0x0000009fe6400000,0x0000009fe6500000) (1024K)]
  0x000001f6629f2660 JavaThread "Common-Cleaner"             daemon [_thread_blocked, id=16576, stack(0x0000009fe6500000,0x0000009fe6600000) (1024K)]
  0x000001f6670500f0 JavaThread "Notification Thread"        daemon [_thread_blocked, id=2880, stack(0x0000009fe6700000,0x0000009fe6800000) (1024K)]
  0x000001f66779c780 JavaThread "Active Thread: Equinox Container: 63843ebc-acab-4c17-a8c8-49587ebea7bc"        [_thread_blocked, id=19052, stack(0x0000009fe6f00000,0x0000009fe7000000) (1024K)]
  0x000001f667604700 JavaThread "Framework Event Dispatcher: Equinox Container: 63843ebc-acab-4c17-a8c8-49587ebea7bc" daemon [_thread_blocked, id=18696, stack(0x0000009fe7000000,0x0000009fe7100000) (1024K)]
  0x000001f66727b780 JavaThread "Start Level: Equinox Container: 63843ebc-acab-4c17-a8c8-49587ebea7bc" daemon [_thread_blocked, id=11628, stack(0x0000009fe7100000,0x0000009fe7200000) (1024K)]
  0x000001f667329a80 JavaThread "SCR Component Actor"        daemon [_thread_blocked, id=12000, stack(0x0000009fe7300000,0x0000009fe7400000) (1024K)]
  0x000001f667966480 JavaThread "SCR Component Registry"     daemon [_thread_blocked, id=13856, stack(0x0000009fe7400000,0x0000009fe7500000) (1024K)]
  0x000001f6678ed140 JavaThread "Worker-JM"                         [_thread_blocked, id=10540, stack(0x0000009fe7500000,0x0000009fe7600000) (1024K)]
  0x000001f6672370e0 JavaThread "JNA Cleaner"                daemon [_thread_blocked, id=16244, stack(0x0000009fe6600000,0x0000009fe6700000) (1024K)]
  0x000001f667183c00 JavaThread "Worker-0"                          [_thread_blocked, id=12608, stack(0x0000009fe6800000,0x0000009fe6900000) (1024K)]
  0x000001f667c3f420 JavaThread "Worker-1"                          [_thread_blocked, id=708, stack(0x0000009fe7600000,0x0000009fe7700000) (1024K)]
=>0x000001f66736c710 JavaThread "C2 CompilerThread1"         daemon [_thread_in_native, id=17892, stack(0x0000009fe7700000,0x0000009fe7800000) (1024K)]
  0x000001f667c407d0 JavaThread "Thread-2"                   daemon [_thread_in_native, id=15480, stack(0x0000009fe7b00000,0x0000009fe7c00000) (1024K)]
  0x000001f667c40e60 JavaThread "Thread-3"                   daemon [_thread_in_native, id=18560, stack(0x0000009fe7c00000,0x0000009fe7d00000) (1024K)]
  0x000001f667c3ed90 JavaThread "Thread-4"                   daemon [_thread_in_native, id=12424, stack(0x0000009fe7d00000,0x0000009fe7e00000) (1024K)]
  0x000001f667c3e070 JavaThread "Thread-5"                   daemon [_thread_in_native, id=18388, stack(0x0000009fe7e00000,0x0000009fe7f00000) (1024K)]
  0x000001f667c3fab0 JavaThread "Thread-6"                   daemon [_thread_in_native, id=13528, stack(0x0000009fe7f00000,0x0000009fe8000000) (1024K)]
  0x000001f667c40140 JavaThread "Thread-7"                   daemon [_thread_in_native, id=16828, stack(0x0000009fe8000000,0x0000009fe8100000) (1024K)]
  0x000001f667c414f0 JavaThread "Thread-8"                   daemon [_thread_in_native, id=10000, stack(0x0000009fe8100000,0x0000009fe8200000) (1024K)]
  0x000001f667c3e700 JavaThread "Thread-9"                   daemon [_thread_in_native, id=9824, stack(0x0000009fe8200000,0x0000009fe8300000) (1024K)]
  0x000001f668024a60 JavaThread "Thread-10"                  daemon [_thread_in_native, id=10988, stack(0x0000009fe8300000,0x0000009fe8400000) (1024K)]
  0x000001f668025e10 JavaThread "pool-2-thread-1"                   [_thread_blocked, id=6296, stack(0x0000009fe8400000,0x0000009fe8500000) (1024K)]
  0x000001f668029920 JavaThread "Worker-2"                          [_thread_blocked, id=1820, stack(0x0000009fe8500000,0x0000009fe8600000) (1024K)]
  0x000001f6680271c0 JavaThread "WorkspaceEventsHandler"            [_thread_blocked, id=1548, stack(0x0000009fe8600000,0x0000009fe8700000) (1024K)]
  0x000001f668025780 JavaThread "pool-1-thread-1"                   [_thread_in_native, id=16540, stack(0x0000009fe8700000,0x0000009fe8800000) (1024K)]
Total: 34

Other Threads:
  0x000001f6610835f0 VMThread "VM Thread"                           [id=16392, stack(0x0000009fe5c00000,0x0000009fe5d00000) (1024K)]
  0x000001f64a6896b0 WatcherThread "VM Periodic Task Thread"        [id=15648, stack(0x0000009fe5b00000,0x0000009fe5c00000) (1024K)]
  0x000001f64a63da90 WorkerThread "GC Thread#0"                     [id=4400, stack(0x0000009fe5a00000,0x0000009fe5b00000) (1024K)]
  0x000001f667425c00 WorkerThread "GC Thread#1"                     [id=11192, stack(0x0000009fe6900000,0x0000009fe6a00000) (1024K)]
  0x000001f667425fa0 WorkerThread "GC Thread#2"                     [id=15404, stack(0x0000009fe6a00000,0x0000009fe6b00000) (1024K)]
  0x000001f66767bc20 WorkerThread "GC Thread#3"                     [id=6868, stack(0x0000009fe6b00000,0x0000009fe6c00000) (1024K)]
  0x000001f66767bfc0 WorkerThread "GC Thread#4"                     [id=11568, stack(0x0000009fe6c00000,0x0000009fe6d00000) (1024K)]
  0x000001f66767c360 WorkerThread "GC Thread#5"                     [id=19364, stack(0x0000009fe6d00000,0x0000009fe6e00000) (1024K)]
  0x000001f66767c700 WorkerThread "GC Thread#6"                     [id=17076, stack(0x0000009fe6e00000,0x0000009fe6f00000) (1024K)]
  0x000001f667af3f80 WorkerThread "GC Thread#7"                     [id=6992, stack(0x0000009fe7200000,0x0000009fe7300000) (1024K)]
Total: 10

Threads with active compile tasks:
C2 CompilerThread0  5647 4533 %     4       org.lombokweb.asm.ClassReader::readCode @ 2187 (5117 bytes)
C2 CompilerThread1  5647 4568       4       org.lombokweb.asm.SymbolTable::<init> (554 bytes)
Total: 2

VM state: not at safepoint (normal execution)

VM Mutex/Monitor currently owned by a thread: None

Heap address: 0x0000000080000000, size: 2048 MB, Compressed Oops mode: 32-bit

CDS archive(s) mapped at: [0x000001f600000000-0x000001f600ba0000-0x000001f600ba0000), size 12189696, SharedBaseAddress: 0x000001f600000000, ArchiveRelocationMode: 1.
Compressed class space mapped at: 0x000001f601000000-0x000001f641000000, reserved size: 1073741824
Narrow klass base: 0x000001f600000000, Narrow klass shift: 0, Narrow klass range: 0x100000000

GC Precious Log:
 CardTable entry size: 512
 CPUs: 8 total, 8 available
 Memory: 16122M
 Large Page Support: Disabled
 NUMA Support: Disabled
 Compressed Oops: Enabled (32-bit)
 Alignments: Space 512K, Generation 512K, Heap 2M
 Heap Min Capacity: 100M
 Heap Initial Capacity: 100M
 Heap Max Capacity: 2G
 Pre-touch: Disabled
 Parallel Workers: 8

Heap:
 PSYoungGen      total 22528K, used 6027K [0x00000000d5580000, 0x00000000d6e00000, 0x0000000100000000)
  eden space 21504K, 28% used [0x00000000d5580000,0x00000000d5b62f90,0x00000000d6a80000)
  from space 1024K, 0% used [0x00000000d6c00000,0x00000000d6c00000,0x00000000d6d00000)
  to   space 512K, 0% used [0x00000000d6d80000,0x00000000d6d80000,0x00000000d6e00000)
 ParOldGen       total 68608K, used 27569K [0x0000000080000000, 0x0000000084300000, 0x00000000d5580000)
  object space 68608K, 40% used [0x0000000080000000,0x0000000081aec5b0,0x0000000084300000)
 Metaspace       used 35886K, committed 36800K, reserved 1114112K
  class space    used 3609K, committed 4032K, reserved 1048576K

Card table byte_map: [0x000001f649fc0000,0x000001f64a3d0000] _byte_map_base: 0x000001f649bc0000

Marking Bits: (ParMarkBitMap*) 0x00007ff8c352a340
 Begin Bits: [0x000001f65cac0000, 0x000001f65eac0000)
 End Bits:   [0x000001f65eac0000, 0x000001f660ac0000)

Polling page: 0x000001f6485e0000

Metaspace:

Usage:
  Non-class:     31.52 MB used.
      Class:      3.52 MB used.
       Both:     35.05 MB used.

Virtual space:
  Non-class space:       64.00 MB reserved,      32.00 MB ( 50%) committed,  1 nodes.
      Class space:        1.00 GB reserved,       3.94 MB ( <1%) committed,  1 nodes.
             Both:        1.06 GB reserved,      35.94 MB (  3%) committed. 

Chunk freelists:
   Non-Class:  15.25 MB
       Class:  12.08 MB
        Both:  27.33 MB

MaxMetaspaceSize: unlimited
CompressedClassSpaceSize: 1.00 GB
Initial GC threshold: 21.00 MB
Current GC threshold: 58.38 MB
CDS: on
 - commit_granule_bytes: 65536.
 - commit_granule_words: 8192.
 - virtual_space_node_default_size: 8388608.
 - enlarge_chunks_in_place: 1.
 - use_allocation_guard: 0.


Internal statistics:

num_allocs_failed_limit: 6.
num_arena_births: 676.
num_arena_deaths: 14.
num_vsnodes_births: 2.
num_vsnodes_deaths: 0.
num_space_committed: 575.
num_space_uncommitted: 0.
num_chunks_returned_to_freelist: 20.
num_chunks_taken_from_freelist: 2093.
num_chunk_merges: 12.
num_chunk_splits: 1370.
num_chunks_enlarged: 892.
num_inconsistent_stats: 0.

CodeHeap 'non-profiled nmethods': size=120000Kb used=2456Kb max_used=2726Kb free=117543Kb
 bounds [0x000001f6552e0000, 0x000001f655590000, 0x000001f65c810000]
CodeHeap 'profiled nmethods': size=120000Kb used=8476Kb max_used=9028Kb free=111523Kb
 bounds [0x000001f64d810000, 0x000001f64e140000, 0x000001f654d40000]
CodeHeap 'non-nmethods': size=5760Kb used=1374Kb max_used=1430Kb free=4385Kb
 bounds [0x000001f654d40000, 0x000001f654fb0000, 0x000001f6552e0000]
CodeCache: size=245760Kb, used=12306Kb, max_used=13184Kb, free=233451Kb
 total_blobs=4853, nmethods=4189, adapters=570, full_count=0
Compilation: enabled, stopped_count=0, restarted_count=0

Compilation events (20 events):
Event: 5.509 Thread 0x000001f6610aa4f0 4575   !   3       org.eclipse.jdt.internal.compiler.parser.Scanner::getNextToken0 (3064 bytes)
Event: 5.521 Thread 0x000001f6610aa4f0 nmethod 4575 0x000001f64e11f990 code [0x000001f64e120660, 0x000001f64e128160]
Event: 5.521 Thread 0x000001f6610aa4f0 4576       3       org.eclipse.jdt.internal.compiler.parser.Scanner::addTokenToLookBack (137 bytes)
Event: 5.522 Thread 0x000001f6610aa4f0 nmethod 4576 0x000001f64d8be910 code [0x000001f64d8beb20, 0x000001f64d8bf3d0]
Event: 5.522 Thread 0x000001f6610aa4f0 4572   !   3       org.eclipse.jdt.internal.compiler.parser.Parser::$SWITCH_TABLE$org$eclipse$jdt$internal$compiler$parser$TerminalToken (2080 bytes)
Event: 5.530 Thread 0x000001f6610aa4f0 nmethod 4572 0x000001f64d852910 code [0x000001f64d852f60, 0x000001f64d857298]
Event: 5.530 Thread 0x000001f6610aa4f0 4573       3       org.eclipse.jdt.internal.compiler.parser.Parser::fetchNextToken (8 bytes)
Event: 5.530 Thread 0x000001f6610aa4f0 nmethod 4573 0x000001f64d815b10 code [0x000001f64d815cc0, 0x000001f64d815ea0]
Event: 5.530 Thread 0x000001f6610aa4f0 4574       3       org.eclipse.jdt.internal.compiler.parser.Scanner::getNextToken (176 bytes)
Event: 5.531 Thread 0x000001f6610aa4f0 nmethod 4574 0x000001f64d89dd90 code [0x000001f64d89e020, 0x000001f64d89edd0]
Event: 5.531 Thread 0x000001f6610aa4f0 4571       3       org.eclipse.jdt.internal.compiler.parser.Parser::consumeToken (2264 bytes)
Event: 5.536 Thread 0x000001f6610aa4f0 nmethod 4571 0x000001f64e12b290 code [0x000001f64e12c020, 0x000001f64e134640]
Event: 5.540 Thread 0x000001f6610aa4f0 4580       3       java.net.URI::<init> (51 bytes)
Event: 5.541 Thread 0x000001f6610aa4f0 nmethod 4580 0x000001f64d89ad10 code [0x000001f64d89af00, 0x000001f64d89b330]
Event: 5.541 Thread 0x000001f6610aa4f0 4577       3       org.eclipse.jdt.internal.compiler.parser.Scanner::mayBeAtCasePattern (18 bytes)
Event: 5.541 Thread 0x000001f6610aa4f0 nmethod 4577 0x000001f64d863e10 code [0x000001f64d863fc0, 0x000001f64d864218]
Event: 5.541 Thread 0x000001f6610aa4f0 4578       3       org.eclipse.jdt.internal.compiler.parser.Scanner::atMultiCaseComma (45 bytes)
Event: 5.541 Thread 0x000001f6610aa4f0 nmethod 4578 0x000001f64d848d10 code [0x000001f64d848ee0, 0x000001f64d849310]
Event: 5.611 Thread 0x000001f6610aa4f0 4581   !   3       java.net.URL::of (255 bytes)
Event: 5.613 Thread 0x000001f6610aa4f0 nmethod 4581 0x000001f64dacbd90 code [0x000001f64dacc1e0, 0x000001f64dacdc98]

GC Heap History (20 events):
Event: 3.675 GC heap before
{Heap before GC invocations=12 (full 1):
 PSYoungGen      total 26112K, used 26103K [0x00000000d5580000, 0x00000000d7400000, 0x0000000100000000)
  eden space 23040K, 100% used [0x00000000d5580000,0x00000000d6c00000,0x00000000d6c00000)
  from space 3072K, 99% used [0x00000000d7100000,0x00000000d73fdd08,0x00000000d7400000)
  to   space 3584K, 0% used [0x00000000d6d00000,0x00000000d6d00000,0x00000000d7080000)
 ParOldGen       total 68608K, used 13319K [0x0000000080000000, 0x0000000084300000, 0x00000000d5580000)
  object space 68608K, 19% used [0x0000000080000000,0x0000000080d01c28,0x0000000084300000)
 Metaspace       used 31634K, committed 32576K, reserved 1114112K
  class space    used 3176K, committed 3648K, reserved 1048576K
}
Event: 3.681 GC heap after
{Heap after GC invocations=12 (full 1):
 PSYoungGen      total 25088K, used 2144K [0x00000000d5580000, 0x00000000d7180000, 0x0000000100000000)
  eden space 22528K, 0% used [0x00000000d5580000,0x00000000d5580000,0x00000000d6b80000)
  from space 2560K, 83% used [0x00000000d6d00000,0x00000000d6f18010,0x00000000d6f80000)
  to   space 2048K, 0% used [0x00000000d6f80000,0x00000000d6f80000,0x00000000d7180000)
 ParOldGen       total 68608K, used 16250K [0x0000000080000000, 0x0000000084300000, 0x00000000d5580000)
  object space 68608K, 23% used [0x0000000080000000,0x0000000080fde898,0x0000000084300000)
 Metaspace       used 31634K, committed 32576K, reserved 1114112K
  class space    used 3176K, committed 3648K, reserved 1048576K
}
Event: 3.794 GC heap before
{Heap before GC invocations=13 (full 1):
 PSYoungGen      total 25088K, used 24672K [0x00000000d5580000, 0x00000000d7180000, 0x0000000100000000)
  eden space 22528K, 100% used [0x00000000d5580000,0x00000000d6b80000,0x00000000d6b80000)
  from space 2560K, 83% used [0x00000000d6d00000,0x00000000d6f18010,0x00000000d6f80000)
  to   space 2048K, 0% used [0x00000000d6f80000,0x00000000d6f80000,0x00000000d7180000)
 ParOldGen       total 68608K, used 16250K [0x0000000080000000, 0x0000000084300000, 0x00000000d5580000)
  object space 68608K, 23% used [0x0000000080000000,0x0000000080fde898,0x0000000084300000)
 Metaspace       used 32010K, committed 32896K, reserved 1114112K
  class space    used 3232K, committed 3648K, reserved 1048576K
}
Event: 3.798 GC heap after
{Heap after GC invocations=13 (full 1):
 PSYoungGen      total 23552K, used 2018K [0x00000000d5580000, 0x00000000d7500000, 0x0000000100000000)
  eden space 21504K, 0% used [0x00000000d5580000,0x00000000d5580000,0x00000000d6a80000)
  from space 2048K, 98% used [0x00000000d6f80000,0x00000000d7178820,0x00000000d7180000)
  to   space 5120K, 0% used [0x00000000d6a80000,0x00000000d6a80000,0x00000000d6f80000)
 ParOldGen       total 68608K, used 18578K [0x0000000080000000, 0x0000000084300000, 0x00000000d5580000)
  object space 68608K, 27% used [0x0000000080000000,0x0000000081224898,0x0000000084300000)
 Metaspace       used 32010K, committed 32896K, reserved 1114112K
  class space    used 3232K, committed 3648K, reserved 1048576K
}
Event: 3.880 GC heap before
{Heap before GC invocations=14 (full 1):
 PSYoungGen      total 23552K, used 23522K [0x00000000d5580000, 0x00000000d7500000, 0x0000000100000000)
  eden space 21504K, 100% used [0x00000000d5580000,0x00000000d6a80000,0x00000000d6a80000)
  from space 2048K, 98% used [0x00000000d6f80000,0x00000000d7178820,0x00000000d7180000)
  to   space 5120K, 0% used [0x00000000d6a80000,0x00000000d6a80000,0x00000000d6f80000)
 ParOldGen       total 68608K, used 18578K [0x0000000080000000, 0x0000000084300000, 0x00000000d5580000)
  object space 68608K, 27% used [0x0000000080000000,0x0000000081224898,0x0000000084300000)
 Metaspace       used 32025K, committed 32960K, reserved 1114112K
  class space    used 3232K, committed 3648K, reserved 1048576K
}
Event: 3.886 GC heap after
{Heap after GC invocations=14 (full 1):
 PSYoungGen      total 23552K, used 2048K [0x00000000d5580000, 0x00000000d7080000, 0x0000000100000000)
  eden space 21504K, 0% used [0x00000000d5580000,0x00000000d5580000,0x00000000d6a80000)
  from space 2048K, 100% used [0x00000000d6a80000,0x00000000d6c80000,0x00000000d6c80000)
  to   space 3072K, 0% used [0x00000000d6d80000,0x00000000d6d80000,0x00000000d7080000)
 ParOldGen       total 68608K, used 20560K [0x0000000080000000, 0x0000000084300000, 0x00000000d5580000)
  object space 68608K, 29% used [0x0000000080000000,0x0000000081414238,0x0000000084300000)
 Metaspace       used 32025K, committed 32960K, reserved 1114112K
  class space    used 3232K, committed 3648K, reserved 1048576K
}
Event: 3.954 GC heap before
{Heap before GC invocations=15 (full 1):
 PSYoungGen      total 23552K, used 23552K [0x00000000d5580000, 0x00000000d7080000, 0x0000000100000000)
  eden space 21504K, 100% used [0x00000000d5580000,0x00000000d6a80000,0x00000000d6a80000)
  from space 2048K, 100% used [0x00000000d6a80000,0x00000000d6c80000,0x00000000d6c80000)
  to   space 3072K, 0% used [0x00000000d6d80000,0x00000000d6d80000,0x00000000d7080000)
 ParOldGen       total 68608K, used 20560K [0x0000000080000000, 0x0000000084300000, 0x00000000d5580000)
  object space 68608K, 29% used [0x0000000080000000,0x0000000081414238,0x0000000084300000)
 Metaspace       used 32031K, committed 32960K, reserved 1114112K
  class space    used 3232K, committed 3648K, reserved 1048576K
}
Event: 3.961 GC heap after
{Heap after GC invocations=15 (full 1):
 PSYoungGen      total 24064K, used 2116K [0x00000000d5580000, 0x00000000d7000000, 0x0000000100000000)
  eden space 21504K, 0% used [0x00000000d5580000,0x00000000d5580000,0x00000000d6a80000)
  from space 2560K, 82% used [0x00000000d6d80000,0x00000000d6f91000,0x00000000d7000000)
  to   space 2560K, 0% used [0x00000000d6b00000,0x00000000d6b00000,0x00000000d6d80000)
 ParOldGen       total 68608K, used 22422K [0x0000000080000000, 0x0000000084300000, 0x00000000d5580000)
  object space 68608K, 32% used [0x0000000080000000,0x00000000815e5be8,0x0000000084300000)
 Metaspace       used 32031K, committed 32960K, reserved 1114112K
  class space    used 3232K, committed 3648K, reserved 1048576K
}
Event: 4.048 GC heap before
{Heap before GC invocations=16 (full 1):
 PSYoungGen      total 24064K, used 23620K [0x00000000d5580000, 0x00000000d7000000, 0x0000000100000000)
  eden space 21504K, 100% used [0x00000000d5580000,0x00000000d6a80000,0x00000000d6a80000)
  from space 2560K, 82% used [0x00000000d6d80000,0x00000000d6f91000,0x00000000d7000000)
  to   space 2560K, 0% used [0x00000000d6b00000,0x00000000d6b00000,0x00000000d6d80000)
 ParOldGen       total 68608K, used 22422K [0x0000000080000000, 0x0000000084300000, 0x00000000d5580000)
  object space 68608K, 32% used [0x0000000080000000,0x00000000815e5be8,0x0000000084300000)
 Metaspace       used 32084K, committed 32960K, reserved 1114112K
  class space    used 3235K, committed 3648K, reserved 1048576K
}
Event: 4.053 GC heap after
{Heap after GC invocations=16 (full 1):
 PSYoungGen      total 24064K, used 2048K [0x00000000d5580000, 0x00000000d6f80000, 0x0000000100000000)
  eden space 21504K, 0% used [0x00000000d5580000,0x00000000d5580000,0x00000000d6a80000)
  from space 2560K, 80% used [0x00000000d6b00000,0x00000000d6d00010,0x00000000d6d80000)
  to   space 2048K, 0% used [0x00000000d6d80000,0x00000000d6d80000,0x00000000d6f80000)
 ParOldGen       total 68608K, used 24501K [0x0000000080000000, 0x0000000084300000, 0x00000000d5580000)
  object space 68608K, 35% used [0x0000000080000000,0x00000000817ed400,0x0000000084300000)
 Metaspace       used 32084K, committed 32960K, reserved 1114112K
  class space    used 3235K, committed 3648K, reserved 1048576K
}
Event: 4.171 GC heap before
{Heap before GC invocations=17 (full 1):
 PSYoungGen      total 24064K, used 23552K [0x00000000d5580000, 0x00000000d6f80000, 0x0000000100000000)
  eden space 21504K, 100% used [0x00000000d5580000,0x00000000d6a80000,0x00000000d6a80000)
  from space 2560K, 80% used [0x00000000d6b00000,0x00000000d6d00010,0x00000000d6d80000)
  to   space 2048K, 0% used [0x00000000d6d80000,0x00000000d6d80000,0x00000000d6f80000)
 ParOldGen       total 68608K, used 24501K [0x0000000080000000, 0x0000000084300000, 0x00000000d5580000)
  object space 68608K, 35% used [0x0000000080000000,0x00000000817ed400,0x0000000084300000)
 Metaspace       used 32249K, committed 33152K, reserved 1114112K
  class space    used 3246K, committed 3648K, reserved 1048576K
}
Event: 4.176 GC heap after
{Heap after GC invocations=17 (full 1):
 PSYoungGen      total 23552K, used 2033K [0x00000000d5580000, 0x00000000d6f80000, 0x0000000100000000)
  eden space 21504K, 0% used [0x00000000d5580000,0x00000000d5580000,0x00000000d6a80000)
  from space 2048K, 99% used [0x00000000d6d80000,0x00000000d6f7c788,0x00000000d6f80000)
  to   space 2048K, 0% used [0x00000000d6b80000,0x00000000d6b80000,0x00000000d6d80000)
 ParOldGen       total 68608K, used 26477K [0x0000000080000000, 0x0000000084300000, 0x00000000d5580000)
  object space 68608K, 38% used [0x0000000080000000,0x00000000819db410,0x0000000084300000)
 Metaspace       used 32249K, committed 33152K, reserved 1114112K
  class space    used 3246K, committed 3648K, reserved 1048576K
}
Event: 4.672 GC heap before
{Heap before GC invocations=18 (full 1):
 PSYoungGen      total 23552K, used 23537K [0x00000000d5580000, 0x00000000d6f80000, 0x0000000100000000)
  eden space 21504K, 100% used [0x00000000d5580000,0x00000000d6a80000,0x00000000d6a80000)
  from space 2048K, 99% used [0x00000000d6d80000,0x00000000d6f7c788,0x00000000d6f80000)
  to   space 2048K, 0% used [0x00000000d6b80000,0x00000000d6b80000,0x00000000d6d80000)
 ParOldGen       total 68608K, used 26477K [0x0000000080000000, 0x0000000084300000, 0x00000000d5580000)
  object space 68608K, 38% used [0x0000000080000000,0x00000000819db410,0x0000000084300000)
 Metaspace       used 34263K, committed 35200K, reserved 1114112K
  class space    used 3480K, committed 3904K, reserved 1048576K
}
Event: 4.676 GC heap after
{Heap after GC invocations=18 (full 1):
 PSYoungGen      total 23552K, used 1978K [0x00000000d5580000, 0x00000000d6e80000, 0x0000000100000000)
  eden space 21504K, 0% used [0x00000000d5580000,0x00000000d5580000,0x00000000d6a80000)
  from space 2048K, 96% used [0x00000000d6b80000,0x00000000d6d6e9c8,0x00000000d6d80000)
  to   space 1024K, 0% used [0x00000000d6d80000,0x00000000d6d80000,0x00000000d6e80000)
 ParOldGen       total 68608K, used 28192K [0x0000000080000000, 0x0000000084300000, 0x00000000d5580000)
  object space 68608K, 41% used [0x0000000080000000,0x0000000081b88200,0x0000000084300000)
 Metaspace       used 34263K, committed 35200K, reserved 1114112K
  class space    used 3480K, committed 3904K, reserved 1048576K
}
Event: 5.008 GC heap before
{Heap before GC invocations=19 (full 1):
 PSYoungGen      total 23552K, used 23441K [0x00000000d5580000, 0x00000000d6e80000, 0x0000000100000000)
  eden space 21504K, 99% used [0x00000000d5580000,0x00000000d6a75ad8,0x00000000d6a80000)
  from space 2048K, 96% used [0x00000000d6b80000,0x00000000d6d6e9c8,0x00000000d6d80000)
  to   space 1024K, 0% used [0x00000000d6d80000,0x00000000d6d80000,0x00000000d6e80000)
 ParOldGen       total 68608K, used 28192K [0x0000000080000000, 0x0000000084300000, 0x00000000d5580000)
  object space 68608K, 41% used [0x0000000080000000,0x0000000081b88200,0x0000000084300000)
 Metaspace       used 34279K, committed 35200K, reserved 1114112K
  class space    used 3480K, committed 3904K, reserved 1048576K
}
Event: 5.010 GC heap after
{Heap after GC invocations=19 (full 1):
 PSYoungGen      total 22016K, used 333K [0x00000000d5580000, 0x00000000d6e00000, 0x0000000100000000)
  eden space 21504K, 0% used [0x00000000d5580000,0x00000000d5580000,0x00000000d6a80000)
  from space 512K, 65% used [0x00000000d6d80000,0x00000000d6dd3540,0x00000000d6e00000)
  to   space 1024K, 0% used [0x00000000d6c00000,0x00000000d6c00000,0x00000000d6d00000)
 ParOldGen       total 68608K, used 29229K [0x0000000080000000, 0x0000000084300000, 0x00000000d5580000)
  object space 68608K, 42% used [0x0000000080000000,0x0000000081c8b4b0,0x0000000084300000)
 Metaspace       used 34279K, committed 35200K, reserved 1114112K
  class space    used 3480K, committed 3904K, reserved 1048576K
}
Event: 5.324 GC heap before
{Heap before GC invocations=20 (full 1):
 PSYoungGen      total 22016K, used 8411K [0x00000000d5580000, 0x00000000d6e00000, 0x0000000100000000)
  eden space 21504K, 37% used [0x00000000d5580000,0x00000000d5d63830,0x00000000d6a80000)
  from space 512K, 65% used [0x00000000d6d80000,0x00000000d6dd3540,0x00000000d6e00000)
  to   space 1024K, 0% used [0x00000000d6c00000,0x00000000d6c00000,0x00000000d6d00000)
 ParOldGen       total 68608K, used 29229K [0x0000000080000000, 0x0000000084300000, 0x00000000d5580000)
  object space 68608K, 42% used [0x0000000080000000,0x0000000081c8b4b0,0x0000000084300000)
 Metaspace       used 34938K, committed 35840K, reserved 1114112K
  class space    used 3539K, committed 3968K, reserved 1048576K
}
Event: 5.325 GC heap after
{Heap after GC invocations=20 (full 1):
 PSYoungGen      total 22528K, used 192K [0x00000000d5580000, 0x00000000d6e00000, 0x0000000100000000)
  eden space 21504K, 0% used [0x00000000d5580000,0x00000000d5580000,0x00000000d6a80000)
  from space 1024K, 18% used [0x00000000d6c00000,0x00000000d6c30000,0x00000000d6d00000)
  to   space 512K, 0% used [0x00000000d6d80000,0x00000000d6d80000,0x00000000d6e00000)
 ParOldGen       total 68608K, used 29261K [0x0000000080000000, 0x0000000084300000, 0x00000000d5580000)
  object space 68608K, 42% used [0x0000000080000000,0x0000000081c934b0,0x0000000084300000)
 Metaspace       used 34938K, committed 35840K, reserved 1114112K
  class space    used 3539K, committed 3968K, reserved 1048576K
}
Event: 5.325 GC heap before
{Heap before GC invocations=21 (full 2):
 PSYoungGen      total 22528K, used 192K [0x00000000d5580000, 0x00000000d6e00000, 0x0000000100000000)
  eden space 21504K, 0% used [0x00000000d5580000,0x00000000d5580000,0x00000000d6a80000)
  from space 1024K, 18% used [0x00000000d6c00000,0x00000000d6c30000,0x00000000d6d00000)
  to   space 512K, 0% used [0x00000000d6d80000,0x00000000d6d80000,0x00000000d6e00000)
 ParOldGen       total 68608K, used 29261K [0x0000000080000000, 0x0000000084300000, 0x00000000d5580000)
  object space 68608K, 42% used [0x0000000080000000,0x0000000081c934b0,0x0000000084300000)
 Metaspace       used 34938K, committed 35840K, reserved 1114112K
  class space    used 3539K, committed 3968K, reserved 1048576K
}
Event: 5.387 GC heap after
{Heap after GC invocations=21 (full 2):
 PSYoungGen      total 22528K, used 0K [0x00000000d5580000, 0x00000000d6e00000, 0x0000000100000000)
  eden space 21504K, 0% used [0x00000000d5580000,0x00000000d5580000,0x00000000d6a80000)
  from space 1024K, 0% used [0x00000000d6c00000,0x00000000d6c00000,0x00000000d6d00000)
  to   space 512K, 0% used [0x00000000d6d80000,0x00000000d6d80000,0x00000000d6e00000)
 ParOldGen       total 68608K, used 27569K [0x0000000080000000, 0x0000000084300000, 0x00000000d5580000)
  object space 68608K, 40% used [0x0000000080000000,0x0000000081aec5b0,0x0000000084300000)
 Metaspace       used 34938K, committed 35840K, reserved 1114112K
  class space    used 3539K, committed 3968K, reserved 1048576K
}

Dll operation events (10 events):
Event: 0.009 Loaded shared library c:\Users\admin\.vscode\extensions\redhat.java-1.44.0-win32-x64\jre\21.0.8-win32-x86_64\bin\java.dll
Event: 0.094 Loaded shared library c:\Users\admin\.vscode\extensions\redhat.java-1.44.0-win32-x64\jre\21.0.8-win32-x86_64\bin\zip.dll
Event: 0.121 Loaded shared library C:\Users\admin\.vscode\extensions\redhat.java-1.44.0-win32-x64\jre\21.0.8-win32-x86_64\bin\instrument.dll
Event: 0.126 Loaded shared library C:\Users\admin\.vscode\extensions\redhat.java-1.44.0-win32-x64\jre\21.0.8-win32-x86_64\bin\net.dll
Event: 0.128 Loaded shared library C:\Users\admin\.vscode\extensions\redhat.java-1.44.0-win32-x64\jre\21.0.8-win32-x86_64\bin\nio.dll
Event: 0.132 Loaded shared library C:\Users\admin\.vscode\extensions\redhat.java-1.44.0-win32-x64\jre\21.0.8-win32-x86_64\bin\zip.dll
Event: 0.147 Loaded shared library C:\Users\admin\.vscode\extensions\redhat.java-1.44.0-win32-x64\jre\21.0.8-win32-x86_64\bin\jimage.dll
Event: 0.224 Loaded shared library c:\Users\admin\.vscode\extensions\redhat.java-1.44.0-win32-x64\jre\21.0.8-win32-x86_64\bin\verify.dll
Event: 1.259 Loaded shared library C:\Users\admin\AppData\Roaming\Code\User\globalStorage\redhat.java\1.44.0\config_ss_win\org.eclipse.equinox.launcher\org.eclipse.equinox.launcher.win32.win32.x86_64_1.2.1400.v20250730-1736\eclipse_11913.dll
Event: 2.017 Loaded shared library C:\Users\admin\AppData\Local\Temp\jna-92668751\jna2032083080497396861.dll

Deoptimization events (20 events):
Event: 4.722 Thread 0x000001f668025780 Uncommon trap: trap_request=0xffffffde fr.pc=0x000001f65547f160 relative=0x0000000000008440
Event: 4.722 Thread 0x000001f668025780 Uncommon trap: reason=class_check action=maybe_recompile pc=0x000001f65547f160 method=lombok.patcher.PatchScript$MethodPatcher.visitMethod(ILjava/lang/String;Ljava/lang/String;Ljava/lang/String;[Ljava/lang/String;)Lorg/lombokweb/asm/MethodVisitor; @ 101 c
Event: 4.722 Thread 0x000001f668025780 DEOPT PACKING pc=0x000001f65547f160 sp=0x0000009fe87f9a20
Event: 4.722 Thread 0x000001f668025780 DEOPT UNPACKING pc=0x000001f654d96da2 sp=0x0000009fe87f99c8 mode 2
Event: 4.722 Thread 0x000001f668025780 Uncommon trap: trap_request=0xffffffde fr.pc=0x000001f6554207c4 relative=0x0000000000001004
Event: 4.722 Thread 0x000001f668025780 Uncommon trap: reason=class_check action=maybe_recompile pc=0x000001f6554207c4 method=lombok.patcher.PatchScript$MethodPatcher.visitMethod(ILjava/lang/String;Ljava/lang/String;Ljava/lang/String;[Ljava/lang/String;)Lorg/lombokweb/asm/MethodVisitor; @ 101 c
Event: 4.722 Thread 0x000001f668025780 DEOPT PACKING pc=0x000001f6554207c4 sp=0x0000009fe87f99e0
Event: 4.722 Thread 0x000001f668025780 DEOPT UNPACKING pc=0x000001f654d96da2 sp=0x0000009fe87f99c8 mode 2
Event: 5.106 Thread 0x000001f668025780 DEOPT PACKING pc=0x000001f64dd2b871 sp=0x0000009fe87f9af0
Event: 5.106 Thread 0x000001f668025780 DEOPT UNPACKING pc=0x000001f654d978e2 sp=0x0000009fe87f9098 mode 0
Event: 5.486 Thread 0x000001f668025780 DEOPT PACKING pc=0x000001f64dd6df8d sp=0x0000009fe87f9850
Event: 5.486 Thread 0x000001f668025780 DEOPT UNPACKING pc=0x000001f654d978e2 sp=0x0000009fe87f8d00 mode 0
Event: 5.533 Thread 0x000001f668025780 DEOPT PACKING pc=0x000001f64dd6df8d sp=0x0000009fe87f98a0
Event: 5.533 Thread 0x000001f668025780 DEOPT UNPACKING pc=0x000001f654d978e2 sp=0x0000009fe87f8d50 mode 0
Event: 5.541 Thread 0x000001f668025780 DEOPT PACKING pc=0x000001f64dd6df8d sp=0x0000009fe87f8d00
Event: 5.541 Thread 0x000001f668025780 DEOPT UNPACKING pc=0x000001f654d978e2 sp=0x0000009fe87f81b0 mode 0
Event: 5.586 Thread 0x000001f668025780 DEOPT PACKING pc=0x000001f64dd6df8d sp=0x0000009fe87fc630
Event: 5.586 Thread 0x000001f668025780 DEOPT UNPACKING pc=0x000001f654d978e2 sp=0x0000009fe87fbae0 mode 0
Event: 5.601 Thread 0x000001f668025780 DEOPT PACKING pc=0x000001f64dd6df8d sp=0x0000009fe87f8d30
Event: 5.601 Thread 0x000001f668025780 DEOPT UNPACKING pc=0x000001f654d978e2 sp=0x0000009fe87f81e0 mode 0

Classes loaded (20 events):
Event: 3.571 Loading class java/lang/invoke/MethodHandleImpl$Makers
Event: 3.571 Loading class java/lang/invoke/MethodHandleImpl$Makers done
Event: 3.571 Loading class java/lang/invoke/MethodHandleImpl$Makers$1
Event: 3.571 Loading class java/lang/invoke/MethodHandleImpl$Makers$1 done
Event: 3.571 Loading class java/lang/invoke/MethodHandleImpl$Makers$2
Event: 3.571 Loading class java/lang/invoke/MethodHandleImpl$Makers$2 done
Event: 3.571 Loading class java/lang/invoke/MethodHandleImpl$Makers$3
Event: 3.571 Loading class java/lang/invoke/MethodHandleImpl$Makers$3 done
Event: 3.574 Loading class java/lang/runtime/ObjectMethods$1
Event: 3.574 Loading class java/lang/runtime/ObjectMethods$1 done
Event: 3.717 Loading class java/util/AbstractList$ListItr
Event: 3.718 Loading class java/util/AbstractList$ListItr done
Event: 3.730 Loading class java/nio/channels/Channels$ReadableByteChannelImpl
Event: 3.730 Loading class java/nio/channels/Channels$ReadableByteChannelImpl done
Event: 3.731 Loading class java/nio/channels/NonWritableChannelException
Event: 3.731 Loading class java/nio/channels/NonWritableChannelException done
Event: 4.216 Loading class java/lang/ExceptionInInitializerError
Event: 4.216 Loading class java/lang/ExceptionInInitializerError done
Event: 4.456 Loading class sun/misc/Unsafe
Event: 4.457 Loading class sun/misc/Unsafe done

Classes unloaded (7 events):
Event: 2.397 Thread 0x000001f6610835f0 Unloading class 0x000001f60118d400 'java/lang/invoke/LambdaForm$MH+0x000001f60118d400'
Event: 2.397 Thread 0x000001f6610835f0 Unloading class 0x000001f60118d000 'java/lang/invoke/LambdaForm$MH+0x000001f60118d000'
Event: 2.397 Thread 0x000001f6610835f0 Unloading class 0x000001f60118cc00 'java/lang/invoke/LambdaForm$MH+0x000001f60118cc00'
Event: 2.397 Thread 0x000001f6610835f0 Unloading class 0x000001f60118c800 'java/lang/invoke/LambdaForm$MH+0x000001f60118c800'
Event: 2.397 Thread 0x000001f6610835f0 Unloading class 0x000001f60118c400 'java/lang/invoke/LambdaForm$BMH+0x000001f60118c400'
Event: 2.397 Thread 0x000001f6610835f0 Unloading class 0x000001f60118c000 'java/lang/invoke/LambdaForm$DMH+0x000001f60118c000'
Event: 2.397 Thread 0x000001f6610835f0 Unloading class 0x000001f60118ac00 'java/lang/invoke/LambdaForm$DMH+0x000001f60118ac00'

Classes redefined (0 events):
No events

Internal exceptions (20 events):
Event: 3.048 Thread 0x000001f667183c00 Exception <a 'java/lang/NoSuchMethodError'{0x00000000d5d6f7c0}: 'void java.lang.invoke.DirectMethodHandle$Holder.invokeStaticInit(java.lang.Object, java.lang.Object, java.lang.Object)'> (0x00000000d5d6f7c0) 
thrown [s\src\hotspot\share\interpreter\linkResolver.cpp, line 773]
Event: 3.096 Thread 0x000001f64a620e60 Exception <a 'java/lang/NoSuchMethodError'{0x00000000d60d7f40}: 'void java.lang.invoke.DirectMethodHandle$Holder.invokeSpecial(java.lang.Object, java.lang.Object, java.lang.Object, java.lang.Object, java.lang.Object, java.lang.Object)'> (0x00000000d60d7f40) 
thrown [s\src\hotspot\share\interpreter\linkResolver.cpp, line 773]
Event: 3.097 Thread 0x000001f64a620e60 Exception <a 'java/lang/IncompatibleClassChangeError'{0x00000000d60e0310}: Found class java.lang.Object, but interface was expected> (0x00000000d60e0310) 
thrown [s\src\hotspot\share\interpreter\linkResolver.cpp, line 840]
Event: 3.098 Thread 0x000001f64a620e60 Exception <a 'java/lang/IncompatibleClassChangeError'{0x00000000d60e2100}: Found class java.lang.Object, but interface was expected> (0x00000000d60e2100) 
thrown [s\src\hotspot\share\interpreter\linkResolver.cpp, line 840]
Event: 3.232 Thread 0x000001f668025780 Exception <a 'java/lang/NoSuchMethodError'{0x00000000d67ec8d8}: 'java.lang.Object java.lang.invoke.DirectMethodHandle$Holder.invokeInterface(java.lang.Object, java.lang.Object, java.lang.Object)'> (0x00000000d67ec8d8) 
thrown [s\src\hotspot\share\interpreter\linkResolver.cpp, line 773]
Event: 3.247 Thread 0x000001f668025780 Exception <a 'java/io/FileNotFoundException'{0x00000000d68781c0}> (0x00000000d68781c0) 
thrown [s\src\hotspot\share\prims\jni.cpp, line 520]
Event: 3.281 Thread 0x000001f668025780 Exception <a 'sun/nio/fs/WindowsException'{0x00000000d56cddd0}> (0x00000000d56cddd0) 
thrown [s\src\hotspot\share\prims\jni.cpp, line 520]
Event: 3.343 Thread 0x000001f668025780 Exception <a 'java/lang/IncompatibleClassChangeError'{0x00000000d5991338}: Found class java.lang.Object, but interface was expected> (0x00000000d5991338) 
thrown [s\src\hotspot\share\interpreter\linkResolver.cpp, line 840]
Event: 3.484 Thread 0x000001f668025780 Implicit null exception at 0x000001f655451a77 to 0x000001f655451ce8
Event: 3.485 Thread 0x000001f668025780 Exception <a 'java/lang/NoSuchMethodError'{0x00000000d5e48c90}: 'long java.lang.invoke.DirectMethodHandle$Holder.invokeStatic(java.lang.Object, java.lang.Object, int)'> (0x00000000d5e48c90) 
thrown [s\src\hotspot\share\interpreter\linkResolver.cpp, line 773]
Event: 3.485 Thread 0x000001f668025780 Exception <a 'java/lang/NoSuchMethodError'{0x00000000d5e53550}: 'java.lang.Object java.lang.invoke.DelegatingMethodHandle$Holder.reinvoke_L(java.lang.Object, int, long, java.lang.Object, java.lang.Object, int, java.lang.Object)'> (0x00000000d5e53550) 
thrown [s\src\hotspot\share\interpreter\linkResolver.cpp, line 773]
Event: 3.570 Thread 0x000001f668025780 Exception <a 'java/lang/NoSuchMethodError'{0x00000000d64263d0}: 'java.lang.Object java.lang.invoke.DirectMethodHandle$Holder.invokeStaticInit(java.lang.Object, java.lang.Object, java.lang.Object, java.lang.Object, java.lang.Object, java.lang.Object, java.lang.Object)'> (0x00000000d64263d0) 
thrown [s\src\hotspot\share\interpreter\linkResolver.cpp, line 773]
Event: 3.570 Thread 0x000001f668025780 Exception <a 'java/lang/NoSuchMethodError'{0x00000000d642b378}: 'java.lang.Object java.lang.invoke.Invokers$Holder.invoke_MT(java.lang.Object, java.lang.Object, java.lang.Object, java.lang.Object, java.lang.Object, java.lang.Object, java.lang.Object, java.lang.Object, java.lang.Object, java.lang.Object)'> (0x00000000d642b378) 
thrown [s\src\hotspot\share\interpreter\linkResolver.cpp, line 773]
Event: 3.574 Thread 0x000001f668025780 Exception <a 'java/lang/NoSuchMethodError'{0x00000000d646b250}: 'int java.lang.invoke.DirectMethodHandle$Holder.invokeVirtual(java.lang.Object, java.lang.Object, java.lang.Object)'> (0x00000000d646b250) 
thrown [s\src\hotspot\share\interpreter\linkResolver.cpp, line 773]
Event: 3.574 Thread 0x000001f668025780 Exception <a 'java/lang/NoSuchMethodError'{0x00000000d646f5f8}: 'int java.lang.invoke.DirectMethodHandle$Holder.invokeStaticInit(java.lang.Object, int, int)'> (0x00000000d646f5f8) 
thrown [s\src\hotspot\share\interpreter\linkResolver.cpp, line 773]
Event: 3.575 Thread 0x000001f668025780 Exception <a 'java/lang/NoSuchMethodError'{0x00000000d6476da0}: 'int java.lang.invoke.DirectMethodHandle$Holder.invokeStaticInit(java.lang.Object, long, long)'> (0x00000000d6476da0) 
thrown [s\src\hotspot\share\interpreter\linkResolver.cpp, line 773]
Event: 3.575 Thread 0x000001f668025780 Exception <a 'java/lang/NoSuchMethodError'{0x00000000d647dd30}: 'int java.lang.invoke.DirectMethodHandle$Holder.invokeStaticInit(java.lang.Object, float, float)'> (0x00000000d647dd30) 
thrown [s\src\hotspot\share\interpreter\linkResolver.cpp, line 773]
Event: 3.575 Thread 0x000001f668025780 Exception <a 'java/lang/NoSuchMethodError'{0x00000000d6484a70}: 'int java.lang.invoke.DirectMethodHandle$Holder.invokeStaticInit(java.lang.Object, double, double)'> (0x00000000d6484a70) 
thrown [s\src\hotspot\share\interpreter\linkResolver.cpp, line 773]
Event: 3.576 Thread 0x000001f668025780 Exception <a 'java/lang/NoSuchMethodError'{0x00000000d64892c0}: 'int java.lang.invoke.DirectMethodHandle$Holder.invokeStatic(java.lang.Object, long)'> (0x00000000d64892c0) 
thrown [s\src\hotspot\share\interpreter\linkResolver.cpp, line 773]
Event: 3.578 Thread 0x000001f668025780 Exception <a 'java/lang/NoSuchMethodError'{0x00000000d64a8340}: 'int java.lang.invoke.Invokers$Holder.linkToTargetMethod(java.lang.Object, java.lang.Object)'> (0x00000000d64a8340) 
thrown [s\src\hotspot\share\interpreter\linkResolver.cpp, line 773]

ZGC Phase Switch (0 events):
No events

VM Operations (20 events):
Event: 3.675 Executing VM operation: ParallelGCFailedAllocation (Allocation Failure)
Event: 3.681 Executing VM operation: ParallelGCFailedAllocation (Allocation Failure) done
Event: 3.794 Executing VM operation: ParallelGCFailedAllocation (Allocation Failure)
Event: 3.798 Executing VM operation: ParallelGCFailedAllocation (Allocation Failure) done
Event: 3.879 Executing VM operation: ParallelGCFailedAllocation (Allocation Failure)
Event: 3.886 Executing VM operation: ParallelGCFailedAllocation (Allocation Failure) done
Event: 3.954 Executing VM operation: ParallelGCFailedAllocation (Allocation Failure)
Event: 3.961 Executing VM operation: ParallelGCFailedAllocation (Allocation Failure) done
Event: 4.048 Executing VM operation: ParallelGCFailedAllocation (Allocation Failure)
Event: 4.053 Executing VM operation: ParallelGCFailedAllocation (Allocation Failure) done
Event: 4.171 Executing VM operation: ParallelGCFailedAllocation (Allocation Failure)
Event: 4.176 Executing VM operation: ParallelGCFailedAllocation (Allocation Failure) done
Event: 4.480 Executing VM operation: HandshakeAllThreads (Deoptimize)
Event: 4.480 Executing VM operation: HandshakeAllThreads (Deoptimize) done
Event: 4.671 Executing VM operation: ParallelGCFailedAllocation (Allocation Failure)
Event: 4.676 Executing VM operation: ParallelGCFailedAllocation (Allocation Failure) done
Event: 5.008 Executing VM operation: ParallelGCFailedAllocation (Allocation Failure)
Event: 5.010 Executing VM operation: ParallelGCFailedAllocation (Allocation Failure) done
Event: 5.324 Executing VM operation: CollectForMetadataAllocation (Metadata GC Threshold)
Event: 5.387 Executing VM operation: CollectForMetadataAllocation (Metadata GC Threshold) done

Memory protections (0 events):
No events

Nmethod flushes (20 events):
Event: 5.354 Thread 0x000001f6610835f0 flushing  nmethod 0x000001f64db60110
Event: 5.354 Thread 0x000001f6610835f0 flushing  nmethod 0x000001f64db62710
Event: 5.354 Thread 0x000001f6610835f0 flushing  nmethod 0x000001f64dba6090
Event: 5.354 Thread 0x000001f6610835f0 flushing  nmethod 0x000001f64dc23e90
Event: 5.354 Thread 0x000001f6610835f0 flushing  nmethod 0x000001f64dc24b90
Event: 5.354 Thread 0x000001f6610835f0 flushing  nmethod 0x000001f64dc25010
Event: 5.354 Thread 0x000001f6610835f0 flushing  nmethod 0x000001f64dc29810
Event: 5.354 Thread 0x000001f6610835f0 flushing  nmethod 0x000001f64dc5b390
Event: 5.354 Thread 0x000001f6610835f0 flushing  nmethod 0x000001f64dc5bd10
Event: 5.354 Thread 0x000001f6610835f0 flushing  nmethod 0x000001f64dc60690
Event: 5.354 Thread 0x000001f6610835f0 flushing  nmethod 0x000001f64dca3c90
Event: 5.354 Thread 0x000001f6610835f0 flushing  nmethod 0x000001f64dcdd290
Event: 5.354 Thread 0x000001f6610835f0 flushing  nmethod 0x000001f64dcddb10
Event: 5.354 Thread 0x000001f6610835f0 flushing  nmethod 0x000001f64dcddf10
Event: 5.355 Thread 0x000001f6610835f0 flushing  nmethod 0x000001f64dce6490
Event: 5.355 Thread 0x000001f6610835f0 flushing  nmethod 0x000001f64dceb810
Event: 5.355 Thread 0x000001f6610835f0 flushing  nmethod 0x000001f64dced890
Event: 5.355 Thread 0x000001f6610835f0 flushing  nmethod 0x000001f64dcf7610
Event: 5.355 Thread 0x000001f6610835f0 flushing osr nmethod 0x000001f64dd22a90
Event: 5.355 Thread 0x000001f6610835f0 flushing osr nmethod 0x000001f64dd26f90

Events (20 events):
Event: 2.074 Thread 0x000001f66727b780 Thread added: 0x000001f667183c00
Event: 2.093 Thread 0x000001f66727b780 Thread added: 0x000001f667c3f420
Event: 2.156 Thread 0x000001f6610aa4f0 Thread added: 0x000001f66736c710
Event: 2.214 Thread 0x000001f6610aa4f0 Thread added: 0x000001f667d98fd0
Event: 2.608 Thread 0x000001f66727b780 Thread added: 0x000001f667c3e070
Event: 2.681 Thread 0x000001f667c3e070 Thread exited: 0x000001f667c3e070
Event: 2.920 Thread 0x000001f64a620e60 Thread added: 0x000001f667c407d0
Event: 2.920 Thread 0x000001f64a620e60 Thread added: 0x000001f667c40e60
Event: 2.920 Thread 0x000001f64a620e60 Thread added: 0x000001f667c3ed90
Event: 2.920 Thread 0x000001f64a620e60 Thread added: 0x000001f667c3e070
Event: 2.920 Thread 0x000001f64a620e60 Thread added: 0x000001f667c3fab0
Event: 2.920 Thread 0x000001f64a620e60 Thread added: 0x000001f667c40140
Event: 2.920 Thread 0x000001f64a620e60 Thread added: 0x000001f667c414f0
Event: 2.921 Thread 0x000001f64a620e60 Thread added: 0x000001f667c3e700
Event: 2.921 Thread 0x000001f64a620e60 Thread added: 0x000001f668024a60
Event: 2.939 Thread 0x000001f64a620e60 Thread added: 0x000001f668025e10
Event: 3.061 Thread 0x000001f667c3f420 Thread added: 0x000001f668029920
Event: 3.115 Thread 0x000001f64a620e60 Thread added: 0x000001f6680271c0
Event: 3.115 Thread 0x000001f64a620e60 Thread added: 0x000001f668025780
Event: 5.468 Thread 0x000001f667d98fd0 Thread exited: 0x000001f667d98fd0


Dynamic libraries:
0x00007ff753d30000 - 0x00007ff753d3e000 	c:\Users\admin\.vscode\extensions\redhat.java-1.44.0-win32-x64\jre\21.0.8-win32-x86_64\bin\java.exe
0x00007ff9435f0000 - 0x00007ff943807000 	C:\Windows\SYSTEM32\ntdll.dll
0x00007ff9422e0000 - 0x00007ff9423a4000 	C:\Windows\System32\KERNEL32.DLL
0x00007ff940d00000 - 0x00007ff9410d0000 	C:\Windows\System32\KERNELBASE.dll
0x00007ff940ab0000 - 0x00007ff940bc1000 	C:\Windows\System32\ucrtbase.dll
0x00007ff92d480000 - 0x00007ff92d498000 	c:\Users\admin\.vscode\extensions\redhat.java-1.44.0-win32-x64\jre\21.0.8-win32-x86_64\bin\jli.dll
0x00007ff9423b0000 - 0x00007ff94255e000 	C:\Windows\System32\USER32.dll
0x00007ff936710000 - 0x00007ff93672e000 	c:\Users\admin\.vscode\extensions\redhat.java-1.44.0-win32-x64\jre\21.0.8-win32-x86_64\bin\VCRUNTIME140.dll
0x00007ff9412b0000 - 0x00007ff9412d6000 	C:\Windows\System32\win32u.dll
0x00007ff9273f0000 - 0x00007ff927682000 	C:\Windows\WinSxS\amd64_microsoft.windows.common-controls_6595b64144ccf1df_6.0.22621.4830_none_270fe7d773858e80\COMCTL32.dll
0x00007ff9415f0000 - 0x00007ff941619000 	C:\Windows\System32\GDI32.dll
0x00007ff942b20000 - 0x00007ff942bc7000 	C:\Windows\System32\msvcrt.dll
0x00007ff941190000 - 0x00007ff9412ab000 	C:\Windows\System32\gdi32full.dll
0x00007ff9408a0000 - 0x00007ff94093a000 	C:\Windows\System32\msvcp_win.dll
0x00007ff941620000 - 0x00007ff941651000 	C:\Windows\System32\IMM32.DLL
0x00007ff9398e0000 - 0x00007ff9398ec000 	c:\Users\admin\.vscode\extensions\redhat.java-1.44.0-win32-x64\jre\21.0.8-win32-x86_64\bin\vcruntime140_1.dll
0x00007ff8eba60000 - 0x00007ff8ebaed000 	c:\Users\admin\.vscode\extensions\redhat.java-1.44.0-win32-x64\jre\21.0.8-win32-x86_64\bin\msvcp140.dll
0x00007ff8c2870000 - 0x00007ff8c3607000 	c:\Users\admin\.vscode\extensions\redhat.java-1.44.0-win32-x64\jre\21.0.8-win32-x86_64\bin\server\jvm.dll
0x00007ff941710000 - 0x00007ff9417c1000 	C:\Windows\System32\ADVAPI32.dll
0x00007ff942be0000 - 0x00007ff942c87000 	C:\Windows\System32\sechost.dll
0x00007ff940c50000 - 0x00007ff940c78000 	C:\Windows\System32\bcrypt.dll
0x00007ff9414d0000 - 0x00007ff9415e4000 	C:\Windows\System32\RPCRT4.dll
0x00007ff9417d0000 - 0x00007ff941841000 	C:\Windows\System32\WS2_32.dll
0x00007ff93f700000 - 0x00007ff93f74d000 	C:\Windows\SYSTEM32\POWRPROF.dll
0x00007ff93adf0000 - 0x00007ff93ae24000 	C:\Windows\SYSTEM32\WINMM.dll
0x00007ff938a70000 - 0x00007ff938a7a000 	C:\Windows\SYSTEM32\VERSION.dll
0x00007ff93f6e0000 - 0x00007ff93f6f3000 	C:\Windows\SYSTEM32\UMPDC.dll
0x00007ff93f8f0000 - 0x00007ff93f908000 	C:\Windows\SYSTEM32\kernel.appcore.dll
0x00007ff930970000 - 0x00007ff93097a000 	c:\Users\admin\.vscode\extensions\redhat.java-1.44.0-win32-x64\jre\21.0.8-win32-x86_64\bin\jimage.dll
0x00007ff93e170000 - 0x00007ff93e3a2000 	C:\Windows\SYSTEM32\DBGHELP.DLL
0x00007ff942790000 - 0x00007ff942b20000 	C:\Windows\System32\combase.dll
0x00007ff941370000 - 0x00007ff941447000 	C:\Windows\System32\OLEAUT32.dll
0x00007ff93adb0000 - 0x00007ff93ade2000 	C:\Windows\SYSTEM32\dbgcore.DLL
0x00007ff940bd0000 - 0x00007ff940c4b000 	C:\Windows\System32\bcryptPrimitives.dll
0x00007ff9307a0000 - 0x00007ff9307af000 	c:\Users\admin\.vscode\extensions\redhat.java-1.44.0-win32-x64\jre\21.0.8-win32-x86_64\bin\instrument.dll
0x00007ff92c920000 - 0x00007ff92c93f000 	c:\Users\admin\.vscode\extensions\redhat.java-1.44.0-win32-x64\jre\21.0.8-win32-x86_64\bin\java.dll
0x00007ff942ca0000 - 0x00007ff943518000 	C:\Windows\System32\SHELL32.dll
0x00007ff93e7b0000 - 0x00007ff93f0c0000 	C:\Windows\SYSTEM32\windows.storage.dll
0x00007ff93e670000 - 0x00007ff93e7af000 	C:\Windows\SYSTEM32\wintypes.dll
0x00007ff9419c0000 - 0x00007ff941aca000 	C:\Windows\System32\SHCORE.dll
0x00007ff941850000 - 0x00007ff9418ae000 	C:\Windows\System32\shlwapi.dll
0x00007ff9407d0000 - 0x00007ff9407fb000 	C:\Windows\SYSTEM32\profapi.dll
0x00007ff914e70000 - 0x00007ff914e88000 	c:\Users\admin\.vscode\extensions\redhat.java-1.44.0-win32-x64\jre\21.0.8-win32-x86_64\bin\zip.dll
0x00007ff930540000 - 0x00007ff930550000 	C:\Users\admin\.vscode\extensions\redhat.java-1.44.0-win32-x64\jre\21.0.8-win32-x86_64\bin\net.dll
0x00007ff93a120000 - 0x00007ff93a24c000 	C:\Windows\SYSTEM32\WINHTTP.dll
0x00007ff93fe00000 - 0x00007ff93fe6a000 	C:\Windows\system32\mswsock.dll
0x00007ff904650000 - 0x00007ff904666000 	C:\Users\admin\.vscode\extensions\redhat.java-1.44.0-win32-x64\jre\21.0.8-win32-x86_64\bin\nio.dll
0x00007ff9303f0000 - 0x00007ff930400000 	c:\Users\admin\.vscode\extensions\redhat.java-1.44.0-win32-x64\jre\21.0.8-win32-x86_64\bin\verify.dll
0x00007ff8f35f0000 - 0x00007ff8f3635000 	C:\Users\admin\AppData\Roaming\Code\User\globalStorage\redhat.java\1.44.0\config_ss_win\org.eclipse.equinox.launcher\org.eclipse.equinox.launcher.win32.win32.x86_64_1.2.1400.v20250730-1736\eclipse_11913.dll
0x00007ff941ca0000 - 0x00007ff941e41000 	C:\Windows\System32\ole32.dll
0x00007ff940150000 - 0x00007ff94016b000 	C:\Windows\SYSTEM32\CRYPTSP.dll
0x00007ff93f910000 - 0x00007ff93f945000 	C:\Windows\system32\rsaenh.dll
0x00007ff93fea0000 - 0x00007ff93fec8000 	C:\Windows\SYSTEM32\USERENV.dll
0x00007ff940130000 - 0x00007ff94013c000 	C:\Windows\SYSTEM32\CRYPTBASE.dll
0x00007ff93f390000 - 0x00007ff93f3bd000 	C:\Windows\SYSTEM32\IPHLPAPI.DLL
0x00007ff941e50000 - 0x00007ff941e59000 	C:\Windows\System32\NSI.dll
0x00007ff8f2ca0000 - 0x00007ff8f2ce9000 	C:\Users\admin\AppData\Local\Temp\jna-92668751\jna2032083080497396861.dll
0x00007ff942720000 - 0x00007ff942728000 	C:\Windows\System32\PSAPI.DLL
0x00007ff939760000 - 0x00007ff939779000 	C:\Windows\SYSTEM32\dhcpcsvc6.DLL
0x00007ff939740000 - 0x00007ff93975f000 	C:\Windows\SYSTEM32\dhcpcsvc.DLL

JVMTI agents:
c:\Users\admin\.vscode\extensions\redhat.java-1.44.0-win32-x64\lombok\lombok-1.18.39-4050.jar path:c:\Users\admin\.vscode\extensions\redhat.java-1.44.0-win32-x64\jre\21.0.8-win32-x86_64\bin\instrument.dll, loaded, initialized, instrumentlib options:none

dbghelp: loaded successfully - version: 4.0.5 - missing functions: none
symbol engine: initialized successfully - sym options: 0x614 - pdb path: .;c:\Users\admin\.vscode\extensions\redhat.java-1.44.0-win32-x64\jre\21.0.8-win32-x86_64\bin;C:\Windows\SYSTEM32;C:\Windows\WinSxS\amd64_microsoft.windows.common-controls_6595b64144ccf1df_6.0.22621.4830_none_270fe7d773858e80;c:\Users\admin\.vscode\extensions\redhat.java-1.44.0-win32-x64\jre\21.0.8-win32-x86_64\bin\server;C:\Users\admin\AppData\Roaming\Code\User\globalStorage\redhat.java\1.44.0\config_ss_win\org.eclipse.equinox.launcher\org.eclipse.equinox.launcher.win32.win32.x86_64_1.2.1400.v20250730-1736;C:\Users\admin\AppData\Local\Temp\jna-92668751

VM Arguments:
jvm_args: --add-modules=ALL-SYSTEM --add-opens=java.base/java.util=ALL-UNNAMED --add-opens=java.base/java.lang=ALL-UNNAMED --add-opens=java.base/sun.nio.fs=ALL-UNNAMED -Declipse.application=org.eclipse.jdt.ls.core.id1 -Dosgi.bundles.defaultStartLevel=4 -Declipse.product=org.eclipse.jdt.ls.core.product -Djava.import.generatesMetadataFilesAtProjectRoot=false -DDetectVMInstallationsJob.disabled=true -Dfile.encoding=utf8 -XX:+UseParallelGC -XX:GCTimeRatio=4 -XX:AdaptiveSizePolicyWeight=90 -Dsun.zip.disableMemoryMapping=true -Xmx2G -Xms100m -Xlog:disable -javaagent:c:\Users\admin\.vscode\extensions\redhat.java-1.44.0-win32-x64\lombok\lombok-1.18.39-4050.jar 
java_command: c:\Users\admin\.vscode\extensions\redhat.java-1.44.0-win32-x64\server\plugins\org.eclipse.equinox.launcher_1.7.0.v20250519-0528.jar -configuration c:\Users\admin\AppData\Roaming\Code\User\globalStorage\redhat.java\1.44.0\config_ss_win -data c:\Users\admin\AppData\Roaming\Code\User\workspaceStorage\fd388ed41d4384b1842cb9e6b045302c\redhat.java\ss_ws --pipe=\\.\pipe\lsp-5e374b638a75b75ca17dc528c270801c-sock
java_class_path (initial): c:\Users\admin\.vscode\extensions\redhat.java-1.44.0-win32-x64\server\plugins\org.eclipse.equinox.launcher_1.7.0.v20250519-0528.jar
Launcher Type: SUN_STANDARD

[Global flags]
    uintx AdaptiveSizePolicyWeight                 = 90                                        {product} {command line}
     intx CICompilerCount                          = 4                                         {product} {ergonomic}
    uintx GCTimeRatio                              = 4                                         {product} {command line}
   size_t InitialHeapSize                          = 104857600                                 {product} {command line}
   size_t MaxHeapSize                              = 2147483648                                {product} {command line}
   size_t MaxNewSize                               = 715653120                                 {product} {ergonomic}
   size_t MinHeapDeltaBytes                        = 524288                                    {product} {ergonomic}
   size_t MinHeapSize                              = 104857600                                 {product} {command line}
   size_t NewSize                                  = 34603008                                  {product} {ergonomic}
    uintx NonNMethodCodeHeapSize                   = 5839372                                {pd product} {ergonomic}
    uintx NonProfiledCodeHeapSize                  = 122909434                              {pd product} {ergonomic}
   size_t OldSize                                  = 70254592                                  {product} {ergonomic}
    uintx ProfiledCodeHeapSize                     = 122909434                              {pd product} {ergonomic}
    uintx ReservedCodeCacheSize                    = 251658240                              {pd product} {ergonomic}
     bool SegmentedCodeCache                       = true                                      {product} {ergonomic}
   size_t SoftMaxHeapSize                          = 2147483648                             {manageable} {ergonomic}
     bool UseCompressedOops                        = true                           {product lp64_product} {ergonomic}
     bool UseLargePagesIndividualAllocation        = false                                  {pd product} {ergonomic}
     bool UseParallelGC                            = true                                      {product} {command line}

Logging:
Log output configuration:
 #0: stdout all=off uptime,level,tags foldmultilines=false
 #1: stderr all=off uptime,level,tags foldmultilines=false

Environment Variables:
JAVA_HOME=C:\Program Files\Java\jdk-24
PATH=C:\Program Files\Common Files\Oracle\Java\javapath;C:\\Windows\system32;C:\Program Files\apache-ant-1.10.14\bin;C:\Program Files\Java\jdk-24\bin;C:\Program Files\Microsoft SQL Server\150\Tools\Binn\;C:\Program Files\dotnet\;C:\Program Files\Git\cmd;C:\Program Files\Cloudflare\Cloudflare WARP\;C:\Program Files\apache-maven-3.9.9-bin\apache-maven-3.9.9\bin;C:\Program Files\nodejs;C:\Windows\System32\WindowsPowerShell\v1.0;C:\Program Files\Redis;d:\cursor\resources\app\bin;d:\cursor\resources\app\bin;C:\Program Files\Redis\;C:\Windows\System32\OpenSSH\;C:\Program Files\Docker\Docker\resources\bin;C:\Users\admin\AppData\Local\Programs\oh-my-posh\bin\;C:\Program Files\MySQL\MySQL Shell 8.0\bin\;C:\Users\admin\AppData\Local\Microsoft\WindowsApps;C:\Program Files\Azure Data Studio\bin;C:\Users\admin\.dotnet\tools;C:\Users\admin\AppData\Roaming\npm;D:\IntelliJ IDEA 2024.3.4\bin;;D:\PostgreSQL\17\bin;C:\Program Files\mongosh\;D:\cursor\resources\app\bin;D:\Microsoft VS Code\bin
USERNAME=admin
OS=Windows_NT
PROCESSOR_IDENTIFIER=Intel64 Family 6 Model 140 Stepping 1, GenuineIntel
TMP=C:\Users\admin\AppData\Local\Temp
TEMP=C:\Users\admin\AppData\Local\Temp




Periodic native trim disabled

---------------  S Y S T E M  ---------------

OS:
 Windows 11 , 64 bit Build 22621 (10.0.22621.4830)
OS uptime: 0 days 4:01 hours
Hyper-V role detected

CPU: total 8 (initial active 8) (4 cores per cpu, 2 threads per core) family 6 model 140 stepping 1 microcode 0xbc, cx8, cmov, fxsr, ht, mmx, 3dnowpref, sse, sse2, sse3, ssse3, sse4.1, sse4.2, popcnt, lzcnt, tsc, tscinvbit, avx, avx2, aes, erms, clmul, bmi1, bmi2, adx, avx512f, avx512dq, avx512cd, avx512bw, avx512vl, sha, fma, vzeroupper, avx512_vpopcntdq, avx512_vpclmulqdq, avx512_vaes, avx512_vnni, clflush, clflushopt, clwb, avx512_vbmi2, avx512_vbmi, hv, rdtscp, rdpid, fsrm, gfni, avx512_bitalg, f16c, cet_ibt, cet_ss, avx512_ifma
Processor Information for the first 8 processors :
  Max Mhz: 2611, Current Mhz: 2611, Mhz Limit: 2611

Memory: 4k page, system-wide physical 16122M (1301M free)
TotalPageFile size 16122M (AvailPageFile size 4M)
current process WorkingSet (physical memory assigned to process): 225M, peak: 228M
current process commit charge ("private bytes"): 337M, peak: 340M

vm_info: OpenJDK 64-Bit Server VM (21.0.8+9-LTS) for windows-amd64 JRE (21.0.8+9-LTS), built on 2025-07-15T00:00:00Z by "admin" with MS VC++ 17.7 (VS2022)

END.
